#
# There is insufficient memory for the Java Runtime Environment to continue.
# Native memory allocation (mmap) failed to map 20971520 bytes. Error detail: G1 virtual space
# Possible reasons:
#   The system is out of physical RAM or swap space
#   This process is running with CompressedOops enabled, and the Java Heap may be blocking the growth of the native heap
# Possible solutions:
#   Reduce memory load on the system
#   Increase physical memory or swap space
#   Check if swap backing store is full
#   Decrease Java heap size (-Xmx/-Xms)
#   Decrease number of Java threads
#   Decrease Java thread stack sizes (-Xss)
#   Set larger code cache with -XX:ReservedCodeCacheSize=
#   JVM is running with Zero Based Compressed Oops mode in which the Java heap is
#     placed in the first 32GB address space. The Java Heap base address is the
#     maximum limit for the native heap growth. Please use -XX:HeapBaseMinAddress
#     to set the Java Heap base and to place the Java Heap above 32GB virtual address.
# This output file may be truncated or incomplete.
#
#  Out of Memory Error (os_windows.cpp:3614), pid=12540, tid=5392
#
# JRE version: OpenJDK Runtime Environment Temurin-17.0.13+11 (17.0.13+11) (build 17.0.13+11)
# Java VM: OpenJDK 64-Bit Server VM Temurin-17.0.13+11 (17.0.13+11, mixed mode, sharing, tiered, compressed oops, compressed class ptrs, g1 gc, windows-amd64)
# No core dump will be written. Minidumps are not enabled by default on client versions of Windows
#

---------------  S U M M A R Y ------------

Command Line: --add-opens=java.base/java.lang=ALL-UNNAMED --add-opens=java.base/java.lang.invoke=ALL-UNNAMED --add-opens=java.base/java.util=ALL-UNNAMED --add-opens=java.prefs/java.util.prefs=ALL-UNNAMED --add-exports=jdk.compiler/com.sun.tools.javac.api=ALL-UNNAMED --add-exports=jdk.compiler/com.sun.tools.javac.util=ALL-UNNAMED --add-opens=java.base/java.util=ALL-UNNAMED --add-opens=java.prefs/java.util.prefs=ALL-UNNAMED --add-opens=java.base/java.nio.charset=ALL-UNNAMED --add-opens=java.base/java.net=ALL-UNNAMED --add-opens=java.base/java.util.concurrent.atomic=ALL-UNNAMED --add-opens=java.xml/javax.xml.namespace=ALL-UNNAMED -XX:MaxMetaspaceSize=4G -XX:ReservedCodeCacheSize=512m -XX:+HeapDumpOnOutOfMemoryError -Xmx8G -Dfile.encoding=UTF-8 -Duser.country=IN -Duser.language=en -Duser.variant -javaagent:C:\Users\HP\.gradle\wrapper\dists\gradle-8.12-all\ejduaidbjup3bmmkhw3rie4zb\gradle-8.12\lib\agents\gradle-instrumentation-agent-8.12.jar org.gradle.launcher.daemon.bootstrap.GradleDaemon 8.12

Host: AMD Ryzen 3 3250U with Radeon Graphics         , 4 cores, 3G,  Windows 11 , 64 bit Build 26100 (10.0.26100.4202)
Time: Wed Jul  9 00:57:00 2025 India Standard Time elapsed time: 7006.301000 seconds (0d 1h 56m 46s)

---------------  T H R E A D  ---------------

Current thread (0x0000027b7bd3a660):  VMThread "VM Thread" [stack: 0x000000f580600000,0x000000f580700000] [id=5392]

Stack: [0x000000f580600000,0x000000f580700000]
Native frames: (J=compiled Java code, j=interpreted, Vv=VM code, C=native code)
V  [jvm.dll+0x682a19]
V  [jvm.dll+0x839538]
V  [jvm.dll+0x83afe3]
V  [jvm.dll+0x83b653]
V  [jvm.dll+0x24704f]
V  [jvm.dll+0x67f809]
V  [jvm.dll+0x6746fa]
V  [jvm.dll+0x304a96]
V  [jvm.dll+0x30bf56]
V  [jvm.dll+0x35da5e]
V  [jvm.dll+0x35dc9d]
V  [jvm.dll+0x2dbe5c]
V  [jvm.dll+0x2dee76]
V  [jvm.dll+0x2e959c]
V  [jvm.dll+0x31d3bd]
V  [jvm.dll+0x83fe8d]
V  [jvm.dll+0x840bc3]
V  [jvm.dll+0x8410ef]
V  [jvm.dll+0x8414d4]
V  [jvm.dll+0x84159e]
V  [jvm.dll+0x7e8ffc]
V  [jvm.dll+0x6818f7]
C  [ucrtbase.dll+0x37b0]
C  [KERNEL32.DLL+0x2e8d7]
C  [ntdll.dll+0x3c34c]

VM_Operation (0x000000f5802ffa50): G1PauseRemark, mode: safepoint, requested by thread 0x0000027b6edeb450


---------------  P R O C E S S  ---------------

Threads class SMR info:
_java_thread_list=0x0000027bc7f6ea70, length=81, elements={
0x0000027b70f608e0, 0x0000027b7bd42980, 0x0000027b7bd43fc0, 0x0000027b7bd59dc0,
0x0000027b7bd5e6b0, 0x0000027b7bd60290, 0x0000027b7bd63e80, 0x0000027b7bd68920,
0x0000027b7bd8bfd0, 0x0000027b7bd963c0, 0x0000027b7bd2dd10, 0x0000027b7e4a6380,
0x0000027bc4719ac0, 0x0000027bc4317640, 0x0000027bc43170f0, 0x0000027b7e4e13c0,
0x0000027b7e4e0490, 0x0000027b7e4e18d0, 0x0000027bc5eb0060, 0x0000027bc5eb1ec0,
0x0000027bc5eb2df0, 0x0000027bc5eb0a80, 0x0000027bc5eb0f90, 0x0000027bc5eb19b0,
0x0000027bc5eb28e0, 0x0000027bc5eb23d0, 0x0000027bc5eb6090, 0x0000027bc5eb65a0,
0x0000027bc5eb4740, 0x0000027bc5eb4c50, 0x0000027bc5eb5b80, 0x0000027bc5eb5160,
0x0000027bc5eb74d0, 0x0000027bc5eb6ab0, 0x0000027b7e4e2d10, 0x0000027b7e4dfa70,
0x0000027b7e4e1de0, 0x0000027b7e4e3220, 0x0000027b7e4dff80, 0x0000027b7e4e09a0,
0x0000027b7e4e0eb0, 0x0000027bc576fd50, 0x0000027bc576f330, 0x0000027bc57716a0,
0x0000027bc5771bb0, 0x0000027bc5770260, 0x0000027bc5770770, 0x0000027bc576f840,
0x0000027bc576e910, 0x0000027bc7de3c30, 0x0000027bc7de2d00, 0x0000027bc7de3720,
0x0000027bc7de5580, 0x0000027bc7de27f0, 0x0000027bc7de4650, 0x0000027bc7de5a90,
0x0000027bc7de4140, 0x0000027bc7de4b60, 0x0000027bc7de5070, 0x0000027bc7de22e0,
0x0000027bc7de5fa0, 0x0000027bc7de64b0, 0x0000027bc7de69c0, 0x0000027bc7de3210,
0x0000027bc7de9c60, 0x0000027bc7de9240, 0x0000027bc7de78f0, 0x0000027bc7de7e00,
0x0000027bc7de8310, 0x0000027bc7de8820, 0x0000027bc7de9750, 0x0000027bc7de8d30,
0x0000027bc7e28f20, 0x0000027bc7e29e50, 0x0000027bc7e2a360, 0x0000027bc7e2ad80,
0x0000027bc7e2a870, 0x0000027bc7e29940, 0x0000027bc7e27ff0, 0x0000027bc7e2b290,
0x0000027bc7e2b7a0
}

Java Threads: ( => current thread )
  0x0000027b70f608e0 JavaThread "main" [_thread_blocked, id=9552, stack(0x000000f580000000,0x000000f580100000)]
  0x0000027b7bd42980 JavaThread "Reference Handler" daemon [_thread_blocked, id=9356, stack(0x000000f580700000,0x000000f580800000)]
  0x0000027b7bd43fc0 JavaThread "Finalizer" daemon [_thread_blocked, id=2688, stack(0x000000f580800000,0x000000f580900000)]
  0x0000027b7bd59dc0 JavaThread "Signal Dispatcher" daemon [_thread_blocked, id=6840, stack(0x000000f580900000,0x000000f580a00000)]
  0x0000027b7bd5e6b0 JavaThread "Attach Listener" daemon [_thread_blocked, id=10696, stack(0x000000f580a00000,0x000000f580b00000)]
  0x0000027b7bd60290 JavaThread "Service Thread" daemon [_thread_blocked, id=6548, stack(0x000000f580b00000,0x000000f580c00000)]
  0x0000027b7bd63e80 JavaThread "Monitor Deflation Thread" daemon [_thread_blocked, id=12320, stack(0x000000f580c00000,0x000000f580d00000)]
  0x0000027b7bd68920 JavaThread "C2 CompilerThread0" daemon [_thread_blocked, id=6464, stack(0x000000f580d00000,0x000000f580e00000)]
  0x0000027b7bd8bfd0 JavaThread "C1 CompilerThread0" daemon [_thread_blocked, id=10576, stack(0x000000f580e00000,0x000000f580f00000)]
  0x0000027b7bd963c0 JavaThread "Sweeper thread" daemon [_thread_blocked, id=2320, stack(0x000000f580f00000,0x000000f581000000)]
  0x0000027b7bd2dd10 JavaThread "Common-Cleaner" daemon [_thread_blocked, id=2968, stack(0x000000f581000000,0x000000f581100000)]
  0x0000027b7e4a6380 JavaThread "Notification Thread" daemon [_thread_blocked, id=12444, stack(0x000000f581100000,0x000000f581200000)]
  0x0000027bc4719ac0 JavaThread "Daemon health stats" [_thread_blocked, id=10716, stack(0x000000f581700000,0x000000f581800000)]
  0x0000027bc4317640 JavaThread "Incoming local TCP Connector on port 59415" [_thread_in_native, id=296, stack(0x000000f581800000,0x000000f581900000)]
  0x0000027bc43170f0 JavaThread "Daemon periodic checks" [_thread_blocked, id=13060, stack(0x000000f581900000,0x000000f581a00000)]
  0x0000027b7e4e13c0 JavaThread "Cache worker for journal cache (C:\Users\HP\.gradle\caches\journal-1)" [_thread_blocked, id=10160, stack(0x000000f582200000,0x000000f582300000)]
  0x0000027b7e4e0490 JavaThread "File lock request listener" [_thread_blocked, id=13468, stack(0x000000f582300000,0x000000f582400000)]
  0x0000027b7e4e18d0 JavaThread "Cache worker for file hash cache (C:\Users\HP\.gradle\caches\8.12\fileHashes)" [_thread_blocked, id=3564, stack(0x000000f582100000,0x000000f582200000)]
  0x0000027bc5eb0060 JavaThread "File watcher server" daemon [_thread_in_native, id=7500, stack(0x000000f582400000,0x000000f582500000)]
  0x0000027bc5eb1ec0 JavaThread "File watcher consumer" daemon [_thread_blocked, id=11480, stack(0x000000f582700000,0x000000f582800000)]
  0x0000027bc5eb2df0 JavaThread "jar transforms" [_thread_blocked, id=13488, stack(0x000000f582800000,0x000000f582900000)]
  0x0000027bc5eb0a80 JavaThread "jar transforms Thread 2" [_thread_blocked, id=11084, stack(0x000000f582900000,0x000000f582a00000)]
  0x0000027bc5eb0f90 JavaThread "jar transforms Thread 3" [_thread_blocked, id=7704, stack(0x000000f582a00000,0x000000f582b00000)]
  0x0000027bc5eb19b0 JavaThread "jar transforms Thread 4" [_thread_blocked, id=1464, stack(0x000000f582c00000,0x000000f582d00000)]
  0x0000027bc5eb28e0 JavaThread "Cache worker for file content cache (C:\Users\HP\.gradle\caches\8.12\fileContent)" [_thread_blocked, id=9092, stack(0x000000f582e00000,0x000000f582f00000)]
  0x0000027bc5eb23d0 JavaThread "Daemon Thread 2" [_thread_blocked, id=2212, stack(0x000000f581a00000,0x000000f581b00000)]
  0x0000027bc5eb6090 JavaThread "Handler for socket connection from /127.0.0.1:59415 to /127.0.0.1:3104" [_thread_in_native, id=2988, stack(0x000000f581b00000,0x000000f581c00000)]
  0x0000027bc5eb65a0 JavaThread "Cancel handler" [_thread_blocked, id=1684, stack(0x000000f581c00000,0x000000f581d00000)]
  0x0000027bc5eb4740 JavaThread "Daemon worker Thread 2" [_thread_blocked, id=5388, stack(0x000000f581d00000,0x000000f581e00000)]
  0x0000027bc5eb4c50 JavaThread "Asynchronous log dispatcher for DefaultDaemonConnection: socket connection from /127.0.0.1:59415 to /127.0.0.1:3104" [_thread_blocked, id=14216, stack(0x000000f581e00000,0x000000f581f00000)]
  0x0000027bc5eb5b80 JavaThread "Stdin handler" [_thread_blocked, id=3588, stack(0x000000f581f00000,0x000000f582000000)]
  0x0000027bc5eb5160 JavaThread "Daemon client event forwarder" [_thread_blocked, id=8164, stack(0x000000f582000000,0x000000f582100000)]
  0x0000027bc5eb74d0 JavaThread "Cache worker for file hash cache (C:\Users\HP\Desktop\Projects\Faida\frontend\user_profile\android\.gradle\8.12\fileHashes)" [_thread_blocked, id=1944, stack(0x000000f582500000,0x000000f582600000)]
  0x0000027bc5eb6ab0 JavaThread "Cache worker for Build Output Cleanup Cache (C:\Users\HP\Desktop\Projects\Faida\frontend\user_profile\android\.gradle\buildOutputCleanup)" [_thread_blocked, id=8520, stack(0x000000f582600000,0x000000f582700000)]
  0x0000027b7e4e2d10 JavaThread "Cache worker for checksums cache (C:\Users\HP\Desktop\Projects\Faida\frontend\user_profile\android\.gradle\8.12\checksums)" [_thread_blocked, id=12552, stack(0x000000f582b00000,0x000000f582c00000)]
  0x0000027b7e4dfa70 JavaThread "Cache worker for cache directory md-rule (C:\Users\HP\.gradle\caches\8.12\md-rule)" [_thread_blocked, id=6248, stack(0x000000f582d00000,0x000000f582e00000)]
  0x0000027b7e4e1de0 JavaThread "Cache worker for cache directory md-supplier (C:\Users\HP\.gradle\caches\8.12\md-supplier)" [_thread_blocked, id=7868, stack(0x000000f582f00000,0x000000f583000000)]
  0x0000027b7e4e3220 JavaThread "Cache worker for Build Output Cleanup Cache (C:\Users\HP\flutter_windows_3.32.5-stable\flutter\packages\flutter_tools\gradle\.gradle\buildOutputCleanup)" [_thread_blocked, id=11324, stack(0x000000f583000000,0x000000f583100000)]
  0x0000027b7e4dff80 JavaThread "Unconstrained build operations" [_thread_blocked, id=3152, stack(0x000000f583200000,0x000000f583300000)]
  0x0000027b7e4e09a0 JavaThread "Unconstrained build operations Thread 2" [_thread_blocked, id=11208, stack(0x000000f583300000,0x000000f583400000)]
  0x0000027b7e4e0eb0 JavaThread "Unconstrained build operations Thread 3" [_thread_blocked, id=9276, stack(0x000000f583400000,0x000000f583500000)]
  0x0000027bc576fd50 JavaThread "Unconstrained build operations Thread 4" [_thread_blocked, id=6192, stack(0x000000f583500000,0x000000f583600000)]
  0x0000027bc576f330 JavaThread "Unconstrained build operations Thread 5" [_thread_blocked, id=9720, stack(0x000000f583600000,0x000000f583700000)]
  0x0000027bc57716a0 JavaThread "Unconstrained build operations Thread 6" [_thread_blocked, id=9480, stack(0x000000f583700000,0x000000f583800000)]
  0x0000027bc5771bb0 JavaThread "Unconstrained build operations Thread 7" [_thread_blocked, id=10420, stack(0x000000f583800000,0x000000f583900000)]
  0x0000027bc5770260 JavaThread "Unconstrained build operations Thread 8" [_thread_blocked, id=3524, stack(0x000000f583900000,0x000000f583a00000)]
  0x0000027bc5770770 JavaThread "Unconstrained build operations Thread 9" [_thread_blocked, id=1564, stack(0x000000f583a00000,0x000000f583b00000)]
  0x0000027bc576f840 JavaThread "Memory manager" [_thread_blocked, id=1876, stack(0x000000f583100000,0x000000f583200000)]
  0x0000027bc576e910 JavaThread "build event listener" [_thread_blocked, id=4740, stack(0x000000f583b00000,0x000000f583c00000)]
  0x0000027bc7de3c30 JavaThread "included builds" [_thread_blocked, id=9932, stack(0x000000f583d00000,0x000000f583e00000)]
  0x0000027bc7de2d00 JavaThread "Execution worker" [_thread_blocked, id=9448, stack(0x000000f583e00000,0x000000f583f00000)]
  0x0000027bc7de3720 JavaThread "Execution worker Thread 2" [_thread_blocked, id=12220, stack(0x000000f583f00000,0x000000f584000000)]
  0x0000027bc7de5580 JavaThread "Execution worker Thread 3" [_thread_blocked, id=6616, stack(0x000000f584000000,0x000000f584100000)]
  0x0000027bc7de27f0 JavaThread "Cache worker for execution history cache (C:\Users\HP\flutter_windows_3.32.5-stable\flutter\packages\flutter_tools\gradle\.gradle\8.12\executionHistory)" [_thread_blocked, id=9452, stack(0x000000f584100000,0x000000f584200000)]
  0x0000027bc7de4650 JavaThread "Unconstrained build operations Thread 10" [_thread_blocked, id=11416, stack(0x000000f583c00000,0x000000f583d00000)]
  0x0000027bc7de5a90 JavaThread "Unconstrained build operations Thread 11" [_thread_blocked, id=12088, stack(0x000000f584200000,0x000000f584300000)]
  0x0000027bc7de4140 JavaThread "Unconstrained build operations Thread 12" [_thread_blocked, id=4592, stack(0x000000f584300000,0x000000f584400000)]
  0x0000027bc7de4b60 JavaThread "Unconstrained build operations Thread 13" [_thread_blocked, id=10584, stack(0x000000f584400000,0x000000f584500000)]
  0x0000027bc7de5070 JavaThread "Unconstrained build operations Thread 14" [_thread_blocked, id=13516, stack(0x000000f584500000,0x000000f584600000)]
  0x0000027bc7de22e0 JavaThread "Unconstrained build operations Thread 15" [_thread_blocked, id=10312, stack(0x000000f584600000,0x000000f584700000)]
  0x0000027bc7de5fa0 JavaThread "Unconstrained build operations Thread 16" [_thread_blocked, id=1124, stack(0x000000f584700000,0x000000f584800000)]
  0x0000027bc7de64b0 JavaThread "Unconstrained build operations Thread 17" [_thread_blocked, id=2292, stack(0x000000f584800000,0x000000f584900000)]
  0x0000027bc7de69c0 JavaThread "Unconstrained build operations Thread 18" [_thread_blocked, id=7912, stack(0x000000f584900000,0x000000f584a00000)]
  0x0000027bc7de3210 JavaThread "Unconstrained build operations Thread 19" [_thread_blocked, id=10588, stack(0x000000f584a00000,0x000000f584b00000)]
  0x0000027bc7de9c60 JavaThread "Unconstrained build operations Thread 20" [_thread_blocked, id=14204, stack(0x000000f584b00000,0x000000f584c00000)]
  0x0000027bc7de9240 JavaThread "WorkerExecutor Queue" [_thread_blocked, id=13176, stack(0x000000f584d00000,0x000000f584e00000)]
  0x0000027bc7de78f0 JavaThread "RMI Scheduler(0)" daemon [_thread_blocked, id=12356, stack(0x000000f584c00000,0x000000f584d00000)]
  0x0000027bc7de7e00 JavaThread "RMI RenewClean-[127.0.0.1:17703,org.jetbrains.kotlin.daemon.common.LoopbackNetworkInterface$ClientLoopbackSocketFactory@71bfbe62]" daemon [_thread_blocked, id=3272, stack(0x000000f584e00000,0x000000f584f00000)]
  0x0000027bc7de8310 JavaThread "RMI GC Daemon" daemon [_thread_blocked, id=4352, stack(0x000000f584f00000,0x000000f585000000)]
  0x0000027bc7de8820 JavaThread "RMI TCP Accept-0" daemon [_thread_in_native, id=7436, stack(0x000000f585000000,0x000000f585100000)]
  0x0000027bc7de9750 JavaThread "RMI Reaper" [_thread_blocked, id=5668, stack(0x000000f585100000,0x000000f585200000)]
  0x0000027bc7de8d30 JavaThread "RMI TCP Connection(2)-127.0.0.1" daemon [_thread_in_native, id=736, stack(0x000000f585200000,0x000000f585300000)]
  0x0000027bc7e28f20 JavaThread "Unconstrained build operations Thread 21" [_thread_blocked, id=4872, stack(0x000000f585300000,0x000000f585400000)]
  0x0000027bc7e29e50 JavaThread "Unconstrained build operations Thread 22" [_thread_blocked, id=9500, stack(0x000000f585400000,0x000000f585500000)]
  0x0000027bc7e2a360 JavaThread "Unconstrained build operations Thread 23" [_thread_blocked, id=11284, stack(0x000000f585500000,0x000000f585600000)]
  0x0000027bc7e2ad80 JavaThread "Unconstrained build operations Thread 24" [_thread_blocked, id=14276, stack(0x000000f585600000,0x000000f585700000)]
  0x0000027bc7e2a870 JavaThread "Unconstrained build operations Thread 25" [_thread_blocked, id=11712, stack(0x000000f585700000,0x000000f585800000)]
  0x0000027bc7e29940 JavaThread "Unconstrained build operations Thread 26" [_thread_blocked, id=3476, stack(0x000000f585800000,0x000000f585900000)]
  0x0000027bc7e27ff0 JavaThread "Unconstrained build operations Thread 27" [_thread_blocked, id=14080, stack(0x000000f585900000,0x000000f585a00000)]
  0x0000027bc7e2b290 JavaThread "Unconstrained build operations Thread 28" [_thread_blocked, id=9904, stack(0x000000f585a00000,0x000000f585b00000)]
  0x0000027bc7e2b7a0 JavaThread "Unconstrained build operations Thread 29" [_thread_blocked, id=9820, stack(0x000000f585b00000,0x000000f585c00000)]

Other Threads:
=>0x0000027b7bd3a660 VMThread "VM Thread" [stack: 0x000000f580600000,0x000000f580700000] [id=5392]
  0x0000027b7e482450 WatcherThread [stack: 0x000000f581200000,0x000000f581300000] [id=12104]
  0x0000027b6edea860 GCTaskThread "GC Thread#0" [stack: 0x000000f580100000,0x000000f580200000] [id=11804]
  0x0000027b7e57b2c0 GCTaskThread "GC Thread#1" [stack: 0x000000f581300000,0x000000f581400000] [id=6300]
  0x0000027b7e634f10 GCTaskThread "GC Thread#2" [stack: 0x000000f581400000,0x000000f581500000] [id=9672]
  0x0000027bc40f7140 GCTaskThread "GC Thread#3" [stack: 0x000000f581500000,0x000000f581600000] [id=12688]
  0x0000027b6edeb450 ConcurrentGCThread "G1 Main Marker" [stack: 0x000000f580200000,0x000000f580300000] [id=5688]
  0x0000027b6edeca50 ConcurrentGCThread "G1 Conc#0" [stack: 0x000000f580300000,0x000000f580400000] [id=7732]
  0x0000027b7bbee620 ConcurrentGCThread "G1 Refine#0" [stack: 0x000000f580400000,0x000000f580500000] [id=12580]
  0x0000027bc4131bc0 ConcurrentGCThread "G1 Refine#1" [stack: 0x000000f581600000,0x000000f581700000] [id=12252]
  0x0000027b7bbf1710 ConcurrentGCThread "G1 Service" [stack: 0x000000f580500000,0x000000f580600000] [id=5408]

Threads with active compile tasks:

VM state: at safepoint (normal execution)

VM Mutex/Monitor currently owned by a thread:  ([mutex/lock_event])
[0x0000027b70f5dae0] Threads_lock - owner thread: 0x0000027b7bd3a660
[0x0000027b70f5d6f0] Heap_lock - owner thread: 0x0000027b6edeb450

Heap address: 0x0000000600000000, size: 8192 MB, Compressed Oops mode: Zero based, Oop shift amount: 3

CDS archive(s) mapped at: [0x0000027b7f000000-0x0000027b7fbb0000-0x0000027b7fbb0000), size 12255232, SharedBaseAddress: 0x0000027b7f000000, ArchiveRelocationMode: 1.
Compressed class space mapped at: 0x0000027b80000000-0x0000027bc0000000, reserved size: 1073741824
Narrow klass base: 0x0000027b7f000000, Narrow klass shift: 0, Narrow klass range: 0x100000000

GC Precious Log:
 CPUs: 4 total, 4 available
 Memory: 3526M
 Large Page Support: Disabled
 NUMA Support: Disabled
 Compressed Oops: Enabled (Zero based)
 Heap Region Size: 4M
 Heap Min Capacity: 8M
 Heap Initial Capacity: 56M
 Heap Max Capacity: 8G
 Pre-touch: Disabled
 Parallel Workers: 4
 Concurrent Workers: 1
 Concurrent Refinement Workers: 4
 Periodic GC: Disabled

Heap:
 garbage-first heap   total 139264K, used 84751K [0x0000000600000000, 0x0000000800000000)
  region size 4096K, 3 young (12288K), 1 survivors (4096K)
 Metaspace       used 78736K, committed 79552K, reserved 1179648K
  class space    used 11051K, committed 11456K, reserved 1048576K

Heap Regions: E=young(eden), S=young(survivor), O=old, HS=humongous(starts), HC=humongous(continues), CS=collection set, F=free, OA=open archive, CA=closed archive, TAMS=top-at-mark-start (previous, next)
|   0|0x0000000600000000, 0x0000000600400000, 0x0000000600400000|100%|HS|  |TAMS 0x0000000600400000, 0x0000000600000000| Complete 
|   1|0x0000000600400000, 0x0000000600800000, 0x0000000600800000|100%| O|  |TAMS 0x0000000600800000, 0x0000000600400000| Untracked 
|   2|0x0000000600800000, 0x0000000600c00000, 0x0000000600c00000|100%| O|  |TAMS 0x0000000600c00000, 0x0000000600800000| Untracked 
|   3|0x0000000600c00000, 0x0000000601000000, 0x0000000601000000|100%| O|  |TAMS 0x0000000601000000, 0x0000000600c00000| Untracked 
|   4|0x0000000601000000, 0x0000000601400000, 0x0000000601400000|100%| O|  |TAMS 0x0000000601400000, 0x0000000601000000| Untracked 
|   5|0x0000000601400000, 0x0000000601800000, 0x0000000601800000|100%| O|  |TAMS 0x0000000601800000, 0x0000000601400000| Updating 
|   6|0x0000000601800000, 0x0000000601c00000, 0x0000000601c00000|100%| O|  |TAMS 0x0000000601c00000, 0x0000000601800000| Untracked 
|   7|0x0000000601c00000, 0x0000000602000000, 0x0000000602000000|100%| O|  |TAMS 0x0000000602000000, 0x0000000601c00000| Untracked 
|   8|0x0000000602000000, 0x0000000602400000, 0x0000000602400000|100%| O|  |TAMS 0x0000000602400000, 0x0000000602000000| Updating 
|   9|0x0000000602400000, 0x0000000602800000, 0x0000000602800000|100%| O|  |TAMS 0x0000000602800000, 0x0000000602400000| Updating 
|  10|0x0000000602800000, 0x0000000602c00000, 0x0000000602c00000|100%| O|  |TAMS 0x0000000602c00000, 0x0000000602800000| Updating 
|  11|0x0000000602c00000, 0x0000000603000000, 0x0000000603000000|100%|HS|  |TAMS 0x0000000603000000, 0x0000000602c00000| Complete 
|  12|0x0000000603000000, 0x0000000603400000, 0x0000000603400000|100%| O|  |TAMS 0x0000000603400000, 0x0000000603000000| Untracked 
|  13|0x0000000603400000, 0x0000000603800000, 0x0000000603800000|100%| O|  |TAMS 0x0000000603800000, 0x0000000603400000| Untracked 
|  14|0x0000000603800000, 0x0000000603c00000, 0x0000000603c00000|100%|HS|  |TAMS 0x0000000603c00000, 0x0000000603800000| Complete 
|  15|0x0000000603c00000, 0x0000000604000000, 0x0000000604000000|100%| O|  |TAMS 0x0000000604000000, 0x0000000603c00000| Untracked 
|  16|0x0000000604000000, 0x0000000604400000, 0x0000000604400000|100%| O|  |TAMS 0x0000000604400000, 0x0000000604000000| Untracked 
|  17|0x0000000604400000, 0x0000000604800000, 0x0000000604800000|100%| O|  |TAMS 0x0000000604800000, 0x0000000604400000| Updating 
|  18|0x0000000604800000, 0x0000000604c00000, 0x0000000604c00000|100%| O|  |TAMS 0x000000060493aa00, 0x0000000604800000| Untracked 
|  19|0x0000000604c00000, 0x0000000604d0ae00, 0x0000000605000000| 26%| O|  |TAMS 0x0000000604c00000, 0x0000000604c00000| Updating 
|  20|0x0000000605000000, 0x0000000605000000, 0x0000000605400000|  0%| F|  |TAMS 0x0000000605000000, 0x0000000605000000| Untracked 
|  21|0x0000000605400000, 0x0000000605400000, 0x0000000605800000|  0%| F|  |TAMS 0x0000000605400000, 0x0000000605400000| Untracked 
|  22|0x0000000605800000, 0x0000000605800000, 0x0000000605c00000|  0%| F|  |TAMS 0x0000000605800000, 0x0000000605800000| Untracked 
|  23|0x0000000605c00000, 0x0000000605c00000, 0x0000000606000000|  0%| F|  |TAMS 0x0000000605c00000, 0x0000000605c00000| Untracked 
|  24|0x0000000606000000, 0x0000000606000000, 0x0000000606400000|  0%| F|  |TAMS 0x0000000606000000, 0x0000000606000000| Untracked 
|  25|0x0000000606400000, 0x00000006065b8fa0, 0x0000000606800000| 43%| S|CS|TAMS 0x0000000606400000, 0x0000000606400000| Complete 
|  26|0x0000000606800000, 0x0000000606800000, 0x0000000606c00000|  0%| F|  |TAMS 0x0000000606800000, 0x0000000606800000| Untracked 
|  27|0x0000000606c00000, 0x0000000606c00000, 0x0000000607000000|  0%| F|  |TAMS 0x0000000606c00000, 0x0000000606c00000| Untracked 
|  28|0x0000000607000000, 0x0000000607000000, 0x0000000607400000|  0%| F|  |TAMS 0x0000000607000000, 0x0000000607000000| Untracked 
|  29|0x0000000607400000, 0x0000000607400000, 0x0000000607800000|  0%| F|  |TAMS 0x0000000607400000, 0x0000000607400000| Untracked 
|  30|0x0000000607800000, 0x0000000607800000, 0x0000000607c00000|  0%| F|  |TAMS 0x0000000607800000, 0x0000000607800000| Untracked 
|  31|0x0000000607c00000, 0x0000000607c00000, 0x0000000608000000|  0%| F|  |TAMS 0x0000000607c00000, 0x0000000607c00000| Untracked 
|  32|0x0000000608000000, 0x00000006083a55d8, 0x0000000608400000| 91%| E|  |TAMS 0x0000000608000000, 0x0000000608000000| Complete 
|  33|0x0000000608400000, 0x0000000608800000, 0x0000000608800000|100%| E|CS|TAMS 0x0000000608400000, 0x0000000608400000| Complete 

Card table byte_map: [0x0000027b79bb0000,0x0000027b7abb0000] _byte_map_base: 0x0000027b76bb0000

Marking Bits (Prev, Next): (CMBitMap*) 0x0000027b6edead90, (CMBitMap*) 0x0000027b6edeadd0
 Prev Bits: [0x0000027b20000000, 0x0000027b28000000)
 Next Bits: [0x0000027b28000000, 0x0000027b30000000)

Polling page: 0x0000027b6ece0000

Metaspace:

Usage:
  Non-class:     66.10 MB used.
      Class:     10.79 MB used.
       Both:     76.89 MB used.

Virtual space:
  Non-class space:      128.00 MB reserved,      66.50 MB ( 52%) committed,  2 nodes.
      Class space:        1.00 GB reserved,      11.19 MB (  1%) committed,  1 nodes.
             Both:        1.12 GB reserved,      77.69 MB (  7%) committed. 

Chunk freelists:
   Non-Class:  13.38 MB
       Class:  4.77 MB
        Both:  18.14 MB

MaxMetaspaceSize: 4.00 GB
CompressedClassSpaceSize: 1.00 GB
Initial GC threshold: 21.00 MB
Current GC threshold: 128.12 MB
CDS: on
MetaspaceReclaimPolicy: balanced
 - commit_granule_bytes: 65536.
 - commit_granule_words: 8192.
 - virtual_space_node_default_size: 8388608.
 - enlarge_chunks_in_place: 1.
 - new_chunks_are_fully_committed: 0.
 - uncommit_free_chunks: 1.
 - use_allocation_guard: 0.
 - handle_deallocations: 1.


Internal statistics:

num_allocs_failed_limit: 3.
num_arena_births: 1248.
num_arena_deaths: 0.
num_vsnodes_births: 3.
num_vsnodes_deaths: 0.
num_space_committed: 1243.
num_space_uncommitted: 0.
num_chunks_returned_to_freelist: 3.
num_chunks_taken_from_freelist: 4705.
num_chunk_merges: 3.
num_chunk_splits: 2970.
num_chunks_enlarged: 1819.
num_inconsistent_stats: 0.

CodeHeap 'non-profiled nmethods': size=259264Kb used=6903Kb max_used=6903Kb free=252360Kb
 bounds [0x0000027b102d0000, 0x0000027b10990000, 0x0000027b20000000]
CodeHeap 'profiled nmethods': size=259264Kb used=20380Kb max_used=20380Kb free=238883Kb
 bounds [0x0000027b00000000, 0x0000027b013f0000, 0x0000027b0fd30000]
CodeHeap 'non-nmethods': size=5760Kb used=2412Kb max_used=2461Kb free=3347Kb
 bounds [0x0000027b0fd30000, 0x0000027b0ffb0000, 0x0000027b102d0000]
 total_blobs=11341 nmethods=10392 adapters=861
 compilation: enabled
              stopped_count=0, restarted_count=0
 full_count=0

Compilation events (20 events):
Event: 7004.441 Thread 0x0000027b7bd68920 12012       4       java.lang.Enum::equals (11 bytes)
Event: 7004.441 Thread 0x0000027b7bd68920 nmethod 12012 0x0000027b1098cb90 code [0x0000027b1098cd00, 0x0000027b1098cd98]
Event: 7004.448 Thread 0x0000027b7bd68920 12013       4       sun.nio.fs.WindowsFileAttributes::lastModifiedTime (8 bytes)
Event: 7004.451 Thread 0x0000027b7bd68920 nmethod 12013 0x0000027b1098ce90 code [0x0000027b1098d020, 0x0000027b1098d1a8]
Event: 7004.452 Thread 0x0000027b7bd68920 12014       4       java.io.DataOutputStream::writeInt (62 bytes)
Event: 7004.454 Thread 0x0000027b7bd68920 nmethod 12014 0x0000027b1098d310 code [0x0000027b1098d4a0, 0x0000027b1098d5d8]
Event: 7004.455 Thread 0x0000027b7bd8bfd0 12015       3       java.util.concurrent.locks.AbstractQueuedSynchronizer::acquireInterruptibly (36 bytes)
Event: 7004.455 Thread 0x0000027b7bd8bfd0 nmethod 12015 0x0000027b013e8310 code [0x0000027b013e8500, 0x0000027b013e8998]
Event: 7004.462 Thread 0x0000027b7bd8bfd0 12016       3       org.gradle.api.internal.artifacts.transform.TransformingAsyncArtifactListener$TransformedArtifact::description (36 bytes)
Event: 7004.463 Thread 0x0000027b7bd8bfd0 nmethod 12016 0x0000027b013e8b10 code [0x0000027b013e8d80, 0x0000027b013e9788]
Event: 7004.471 Thread 0x0000027b7bd8bfd0 12017       3       org.gradle.api.internal.artifacts.transform.TransformingAsyncArtifactListener$TransformedArtifact::run (6 bytes)
Event: 7004.471 Thread 0x0000027b7bd8bfd0 nmethod 12017 0x0000027b013e9a90 code [0x0000027b013e9c20, 0x0000027b013e9d68]
Event: 7004.503 Thread 0x0000027b7bd8bfd0 12018       3       org.gradle.api.internal.artifacts.transform.TransformExecutionResult$Builder$ProducedOutputOnlyResult::lambda$resolveForWorkspace$1 (2 bytes)
Event: 7004.503 Thread 0x0000027b7bd8bfd0 nmethod 12018 0x0000027b006b9e90 code [0x0000027b006ba020, 0x0000027b006ba118]
Event: 7004.504 Thread 0x0000027b7bd8bfd0 12019       3       org.gradle.api.internal.artifacts.transform.TransformExecutionResult$Builder$ProducedOutputOnlyResult$$Lambda$1170/0x0000027b8078aca0::resolveForInputArtifact (9 bytes)
Event: 7004.505 Thread 0x0000027b7bd8bfd0 nmethod 12019 0x0000027b013e9e10 code [0x0000027b013e9fa0, 0x0000027b013ea118]
Event: 7004.523 Thread 0x0000027b7bd68920 12020       4       org.gradle.internal.snapshot.SingletonChildMap::withNode (11 bytes)
Event: 7004.526 Thread 0x0000027b7bd68920 nmethod 12020 0x0000027b1098d710 code [0x0000027b1098d8a0, 0x0000027b1098d9c8]
Event: 7004.534 Thread 0x0000027b7bd68920 12021       4       org.gradle.tooling.internal.provider.runner.BuildPhaseOperationListener::progress (1 bytes)
Event: 7004.534 Thread 0x0000027b7bd68920 nmethod 12021 0x0000027b1098db90 code [0x0000027b1098dd00, 0x0000027b1098dd78]

GC Heap History (20 events):
Event: 6740.273 GC heap before
{Heap before GC invocations=44 (full 0):
 garbage-first heap   total 110592K, used 86560K [0x0000000600000000, 0x0000000800000000)
  region size 4096K, 8 young (32768K), 1 survivors (4096K)
 Metaspace       used 64025K, committed 64704K, reserved 1114112K
  class space    used 8940K, committed 9280K, reserved 1048576K
}
Event: 6740.281 GC heap after
{Heap after GC invocations=45 (full 0):
 garbage-first heap   total 110592K, used 58728K [0x0000000600000000, 0x0000000800000000)
  region size 4096K, 1 young (4096K), 1 survivors (4096K)
 Metaspace       used 64025K, committed 64704K, reserved 1114112K
  class space    used 8940K, committed 9280K, reserved 1048576K
}
Event: 6740.707 GC heap before
{Heap before GC invocations=46 (full 0):
 garbage-first heap   total 118784K, used 75112K [0x0000000600000000, 0x0000000800000000)
  region size 4096K, 6 young (24576K), 1 survivors (4096K)
 Metaspace       used 65008K, committed 65792K, reserved 1114112K
  class space    used 9081K, committed 9472K, reserved 1048576K
}
Event: 6740.714 GC heap after
{Heap after GC invocations=47 (full 0):
 garbage-first heap   total 118784K, used 59202K [0x0000000600000000, 0x0000000800000000)
  region size 4096K, 1 young (4096K), 1 survivors (4096K)
 Metaspace       used 65008K, committed 65792K, reserved 1114112K
  class space    used 9081K, committed 9472K, reserved 1048576K
}
Event: 6743.298 GC heap before
{Heap before GC invocations=48 (full 0):
 garbage-first heap   total 118784K, used 100162K [0x0000000600000000, 0x0000000800000000)
  region size 4096K, 10 young (40960K), 1 survivors (4096K)
 Metaspace       used 67074K, committed 67840K, reserved 1114112K
  class space    used 9402K, committed 9792K, reserved 1048576K
}
Event: 6743.304 GC heap after
{Heap after GC invocations=49 (full 0):
 garbage-first heap   total 118784K, used 64697K [0x0000000600000000, 0x0000000800000000)
  region size 4096K, 1 young (4096K), 1 survivors (4096K)
 Metaspace       used 67074K, committed 67840K, reserved 1114112K
  class space    used 9402K, committed 9792K, reserved 1048576K
}
Event: 6744.923 GC heap before
{Heap before GC invocations=49 (full 0):
 garbage-first heap   total 118784K, used 93369K [0x0000000600000000, 0x0000000800000000)
  region size 4096K, 9 young (36864K), 1 survivors (4096K)
 Metaspace       used 69046K, committed 69824K, reserved 1114112K
  class space    used 9671K, committed 10048K, reserved 1048576K
}
Event: 6744.936 GC heap after
{Heap after GC invocations=50 (full 0):
 garbage-first heap   total 118784K, used 66780K [0x0000000600000000, 0x0000000800000000)
  region size 4096K, 2 young (8192K), 2 survivors (8192K)
 Metaspace       used 69046K, committed 69824K, reserved 1114112K
  class space    used 9671K, committed 10048K, reserved 1048576K
}
Event: 6747.055 GC heap before
{Heap before GC invocations=51 (full 0):
 garbage-first heap   total 122880K, used 95452K [0x0000000600000000, 0x0000000800000000)
  region size 4096K, 9 young (36864K), 2 survivors (8192K)
 Metaspace       used 71062K, committed 71872K, reserved 1114112K
  class space    used 9989K, committed 10368K, reserved 1048576K
}
Event: 6747.074 GC heap after
{Heap after GC invocations=52 (full 0):
 garbage-first heap   total 122880K, used 68695K [0x0000000600000000, 0x0000000800000000)
  region size 4096K, 2 young (8192K), 2 survivors (8192K)
 Metaspace       used 71062K, committed 71872K, reserved 1114112K
  class space    used 9989K, committed 10368K, reserved 1048576K
}
Event: 6751.056 GC heap before
{Heap before GC invocations=52 (full 0):
 garbage-first heap   total 122880K, used 97367K [0x0000000600000000, 0x0000000800000000)
  region size 4096K, 9 young (36864K), 2 survivors (8192K)
 Metaspace       used 72950K, committed 73792K, reserved 1114112K
  class space    used 10306K, committed 10688K, reserved 1048576K
}
Event: 6751.074 GC heap after
{Heap after GC invocations=53 (full 0):
 garbage-first heap   total 122880K, used 71032K [0x0000000600000000, 0x0000000800000000)
  region size 4096K, 2 young (8192K), 2 survivors (8192K)
 Metaspace       used 72950K, committed 73792K, reserved 1114112K
  class space    used 10306K, committed 10688K, reserved 1048576K
}
Event: 6753.670 GC heap before
{Heap before GC invocations=54 (full 0):
 garbage-first heap   total 131072K, used 95608K [0x0000000600000000, 0x0000000800000000)
  region size 4096K, 8 young (32768K), 2 survivors (8192K)
 Metaspace       used 74760K, committed 75584K, reserved 1114112K
  class space    used 10569K, committed 11008K, reserved 1048576K
}
Event: 6753.688 GC heap after
{Heap after GC invocations=55 (full 0):
 garbage-first heap   total 131072K, used 73231K [0x0000000600000000, 0x0000000800000000)
  region size 4096K, 1 young (4096K), 1 survivors (4096K)
 Metaspace       used 74760K, committed 75584K, reserved 1114112K
  class space    used 10569K, committed 11008K, reserved 1048576K
}
Event: 6901.050 GC heap before
{Heap before GC invocations=55 (full 0):
 garbage-first heap   total 131072K, used 97807K [0x0000000600000000, 0x0000000800000000)
  region size 4096K, 8 young (32768K), 1 survivors (4096K)
 Metaspace       used 77839K, committed 78720K, reserved 1179648K
  class space    used 10984K, committed 11392K, reserved 1048576K
}
Event: 6901.333 GC heap after
{Heap after GC invocations=56 (full 0):
 garbage-first heap   total 131072K, used 75187K [0x0000000600000000, 0x0000000800000000)
  region size 4096K, 1 young (4096K), 1 survivors (4096K)
 Metaspace       used 77839K, committed 78720K, reserved 1179648K
  class space    used 10984K, committed 11392K, reserved 1048576K
}
Event: 6999.661 GC heap before
{Heap before GC invocations=57 (full 0):
 garbage-first heap   total 139264K, used 99763K [0x0000000600000000, 0x0000000800000000)
  region size 4096K, 8 young (32768K), 1 survivors (4096K)
 Metaspace       used 78554K, committed 79424K, reserved 1179648K
  class space    used 11049K, committed 11456K, reserved 1048576K
}
Event: 6999.782 GC heap after
{Heap after GC invocations=58 (full 0):
 garbage-first heap   total 139264K, used 78874K [0x0000000600000000, 0x0000000800000000)
  region size 4096K, 1 young (4096K), 1 survivors (4096K)
 Metaspace       used 78554K, committed 79424K, reserved 1179648K
  class space    used 11049K, committed 11456K, reserved 1048576K
}
Event: 7003.887 GC heap before
{Heap before GC invocations=58 (full 0):
 garbage-first heap   total 139264K, used 103450K [0x0000000600000000, 0x0000000800000000)
  region size 4096K, 8 young (32768K), 1 survivors (4096K)
 Metaspace       used 78716K, committed 79552K, reserved 1179648K
  class space    used 11051K, committed 11456K, reserved 1048576K
}
Event: 7003.924 GC heap after
{Heap after GC invocations=59 (full 0):
 garbage-first heap   total 139264K, used 80655K [0x0000000600000000, 0x0000000800000000)
  region size 4096K, 1 young (4096K), 1 survivors (4096K)
 Metaspace       used 78716K, committed 79552K, reserved 1179648K
  class space    used 11051K, committed 11456K, reserved 1048576K
}

Dll operation events (17 events):
Event: 0.032 Loaded shared library C:\Program Files\Eclipse Adoptium\jdk-17.0.13.11-hotspot\bin\java.dll
Event: 0.067 Loaded shared library C:\Program Files\Eclipse Adoptium\jdk-17.0.13.11-hotspot\bin\jsvml.dll
Event: 0.199 Loaded shared library C:\Program Files\Eclipse Adoptium\jdk-17.0.13.11-hotspot\bin\zip.dll
Event: 0.209 Loaded shared library C:\Program Files\Eclipse Adoptium\jdk-17.0.13.11-hotspot\bin\instrument.dll
Event: 0.222 Loaded shared library C:\Program Files\Eclipse Adoptium\jdk-17.0.13.11-hotspot\bin\net.dll
Event: 0.228 Loaded shared library C:\Program Files\Eclipse Adoptium\jdk-17.0.13.11-hotspot\bin\nio.dll
Event: 0.233 Loaded shared library C:\Program Files\Eclipse Adoptium\jdk-17.0.13.11-hotspot\bin\zip.dll
Event: 1.041 Loaded shared library C:\Program Files\Eclipse Adoptium\jdk-17.0.13.11-hotspot\bin\jimage.dll
Event: 1.897 Loaded shared library C:\Program Files\Eclipse Adoptium\jdk-17.0.13.11-hotspot\bin\verify.dll
Event: 2.799 Loaded shared library C:\Users\HP\.gradle\native\1def1411415f61bf3af743bc5b6707747c0891f09f0c88961ee8f79bc544acac\windows-amd64\native-platform.dll
Event: 2.826 Loaded shared library C:\Users\HP\.gradle\native\0.2.5\x86_64-windows-gnu\gradle-fileevents.dll
Event: 6.881 Loaded shared library C:\Program Files\Eclipse Adoptium\jdk-17.0.13.11-hotspot\bin\management.dll
Event: 6.887 Loaded shared library C:\Program Files\Eclipse Adoptium\jdk-17.0.13.11-hotspot\bin\management_ext.dll
Event: 8.400 Loaded shared library C:\Program Files\Eclipse Adoptium\jdk-17.0.13.11-hotspot\bin\extnet.dll
Event: 10.392 Loaded shared library C:\Program Files\Eclipse Adoptium\jdk-17.0.13.11-hotspot\bin\sunmscapi.dll
Event: 14.269 Loaded shared library C:\Users\HP\AppData\Local\Temp\native-platform1516633378646034425dir\gradle-fileevents.dll
Event: 6757.263 Loaded shared library C:\Program Files\Eclipse Adoptium\jdk-17.0.13.11-hotspot\bin\rmi.dll

Deoptimization events (20 events):
Event: 7004.324 Thread 0x0000027bc7e27ff0 DEOPT UNPACKING pc=0x0000027b0fd869a3 sp=0x000000f5859fe020 mode 2
Event: 7004.324 Thread 0x0000027bc7e2b7a0 Uncommon trap: reason=class_check action=maybe_recompile pc=0x0000027b10741730 method=java.util.concurrent.ConcurrentHashMap.get(Ljava/lang/Object;)Ljava/lang/Object; @ 93 c2
Event: 7004.324 Thread 0x0000027bc7e2b7a0 DEOPT PACKING pc=0x0000027b10741730 sp=0x000000f585bfe410
Event: 7004.324 Thread 0x0000027bc7e27ff0 Uncommon trap: trap_request=0xffffff45 fr.pc=0x0000027b10844e1c relative=0x0000000000001ffc
Event: 7004.324 Thread 0x0000027bc7e27ff0 Uncommon trap: reason=unstable_if action=reinterpret pc=0x0000027b10844e1c method=java.util.concurrent.ConcurrentHashMap.addCount(JI)V @ 171 c2
Event: 7004.324 Thread 0x0000027bc7e27ff0 DEOPT PACKING pc=0x0000027b10844e1c sp=0x000000f5859fe190
Event: 7004.327 Thread 0x0000027bc7e2b7a0 DEOPT UNPACKING pc=0x0000027b0fd869a3 sp=0x000000f585bfe368 mode 2
Event: 7004.329 Thread 0x0000027bc7e27ff0 DEOPT UNPACKING pc=0x0000027b0fd869a3 sp=0x000000f5859fe070 mode 2
Event: 7004.330 Thread 0x0000027bc7e27ff0 Uncommon trap: trap_request=0xffffffde fr.pc=0x0000027b10741730 relative=0x0000000000000290
Event: 7004.330 Thread 0x0000027bc7e27ff0 Uncommon trap: reason=class_check action=maybe_recompile pc=0x0000027b10741730 method=java.util.concurrent.ConcurrentHashMap.get(Ljava/lang/Object;)Ljava/lang/Object; @ 93 c2
Event: 7004.330 Thread 0x0000027bc7e27ff0 DEOPT PACKING pc=0x0000027b10741730 sp=0x000000f5859fe0b0
Event: 7004.330 Thread 0x0000027bc7e27ff0 DEOPT UNPACKING pc=0x0000027b0fd869a3 sp=0x000000f5859fe008 mode 2
Event: 7004.354 Thread 0x0000027bc7e27ff0 Uncommon trap: trap_request=0xffffffde fr.pc=0x0000027b10741730 relative=0x0000000000000290
Event: 7004.355 Thread 0x0000027bc7e27ff0 Uncommon trap: reason=class_check action=maybe_recompile pc=0x0000027b10741730 method=java.util.concurrent.ConcurrentHashMap.get(Ljava/lang/Object;)Ljava/lang/Object; @ 93 c2
Event: 7004.355 Thread 0x0000027bc7e27ff0 DEOPT PACKING pc=0x0000027b10741730 sp=0x000000f5859fe0b0
Event: 7004.368 Thread 0x0000027bc7e27ff0 DEOPT UNPACKING pc=0x0000027b0fd869a3 sp=0x000000f5859fe008 mode 2
Event: 7004.500 Thread 0x0000027b7e4e18d0 Uncommon trap: trap_request=0xffffff45 fr.pc=0x0000027b10961644 relative=0x0000000000000624
Event: 7004.500 Thread 0x0000027b7e4e18d0 Uncommon trap: reason=unstable_if action=reinterpret pc=0x0000027b10961644 method=java.math.BigInteger.makePositive([BII)[I @ 40 c2
Event: 7004.500 Thread 0x0000027b7e4e18d0 DEOPT PACKING pc=0x0000027b10961644 sp=0x000000f5821feb10
Event: 7004.500 Thread 0x0000027b7e4e18d0 DEOPT UNPACKING pc=0x0000027b0fd869a3 sp=0x000000f5821fea78 mode 2

Classes loaded (20 events):
Event: 6757.542 Loading class sun/rmi/transport/DGCAckHandler
Event: 6757.543 Loading class sun/rmi/transport/DGCAckHandler done
Event: 6757.592 Loading class sun/rmi/transport/DGCAckHandler$1
Event: 6757.628 Loading class sun/rmi/transport/tcp/TCPTransport$ConnectionHandler
Event: 6757.629 Loading class sun/rmi/transport/tcp/TCPTransport$ConnectionHandler done
Event: 6757.640 Loading class sun/rmi/transport/DGCAckHandler$1 done
Event: 6757.682 Loading class sun/rmi/transport/Transport$1
Event: 6757.682 Loading class sun/rmi/transport/Transport$1 done
Event: 6757.730 Loading class sun/rmi/transport/DGCImpl$LeaseInfo
Event: 6757.730 Loading class sun/rmi/transport/DGCImpl$LeaseInfo done
Event: 6757.731 Loading class sun/rmi/transport/DGCImpl$1
Event: 6757.731 Loading class sun/rmi/transport/DGCImpl$1 done
Event: 6757.732 Loading class sun/rmi/transport/SequenceEntry
Event: 6757.732 Loading class sun/rmi/transport/SequenceEntry done
Event: 6777.981 Loading class java/time/Instant$1
Event: 6778.002 Loading class java/time/Instant$1 done
Event: 6997.159 Loading class java/util/Collections$ReverseComparator
Event: 6997.174 Loading class java/util/Collections$ReverseComparator done
Event: 6997.174 Loading class java/util/Collections$ReverseComparator2
Event: 6997.176 Loading class java/util/Collections$ReverseComparator2 done

Classes unloaded (0 events):
No events

Classes redefined (0 events):
No events

Internal exceptions (20 events):
Event: 6757.244 Thread 0x0000027bc7de9240 Exception <a 'java/lang/NoSuchMethodError'{0x000000060695f098}: static Lorg/jetbrains/kotlin/daemon/common/LoopbackNetworkInterface$ClientLoopbackSocketFactory;.<clinit>()V> (0x000000060695f098) 
thrown [s\src\hotspot\share\prims\jni.cpp, line 1112]
Event: 6757.273 Thread 0x0000027bc7de9240 Exception <a 'java/lang/NoSuchMethodError'{0x00000006069cd950}: static [Ljava/rmi/server/ObjID;.<clinit>()V> (0x00000006069cd950) 
thrown [s\src\hotspot\share\prims\jni.cpp, line 1112]
Event: 6757.292 Thread 0x0000027bc7de9240 Exception <a 'java/lang/NoSuchMethodError'{0x00000006069f1ac0}: static [B.<clinit>()V> (0x00000006069f1ac0) 
thrown [s\src\hotspot\share\prims\jni.cpp, line 1112]
Event: 6757.311 Thread 0x0000027bc7de7e00 Exception <a 'java/lang/InterruptedException'{0x00000006069fa248}> (0x00000006069fa248) 
thrown [s\src\hotspot\share\runtime\objectMonitor.cpp, line 1658]
Event: 6757.311 Thread 0x0000027bc7de7e00 Exception <a 'java/lang/NoSuchMethodError'{0x00000006069fb6a8}: 'java.lang.Object java.lang.invoke.DirectMethodHandle$Holder.invokeSpecial(java.lang.Object, java.lang.Object, int, java.lang.Object, long)'> (0x00000006069fb6a8) 
thrown [s\src\hotspot\share\interpreter\linkResolver.cpp, line 759]
Event: 6757.313 Thread 0x0000027bc7de7e00 Exception <a 'java/lang/NoSuchMethodError'{0x0000000606a02c30}: 'java.lang.Object java.lang.invoke.DirectMethodHandle$Holder.newInvokeSpecial(java.lang.Object, java.lang.Object, int, java.lang.Object, long)'> (0x0000000606a02c30) 
thrown [s\src\hotspot\share\interpreter\linkResolver.cpp, line 759]
Event: 6757.349 Thread 0x0000027bc7de9240 Exception <a 'java/lang/NoSuchMethodError'{0x0000000606a41aa8}: static Lorg/jetbrains/kotlin/daemon/common/CompileService$CallResult;.<clinit>()V> (0x0000000606a41aa8) 
thrown [s\src\hotspot\share\prims\jni.cpp, line 1112]
Event: 6757.350 Thread 0x0000027bc7de9240 Exception <a 'java/lang/NoSuchMethodError'{0x0000000606a4dd28}: static Lorg/jetbrains/kotlin/daemon/common/CompileService$CallResult$Good;.<clinit>()V> (0x0000000606a4dd28) 
thrown [s\src\hotspot\share\prims\jni.cpp, line 1112]
Event: 6757.355 Thread 0x0000027bc7de9240 Exception <a 'java/lang/NoSuchMethodError'{0x0000000606a5b178}: static Lorg/jetbrains/kotlin/daemon/common/DaemonJVMOptions;.<clinit>()V> (0x0000000606a5b178) 
thrown [s\src\hotspot\share\prims\jni.cpp, line 1112]
Event: 6757.369 Thread 0x0000027bc7de9240 Exception <a 'java/lang/NoSuchMethodError'{0x0000000606a74f18}: static Lorg/jetbrains/kotlin/daemon/common/CompileService$CallResult$Ok;.<clinit>()V> (0x0000000606a74f18) 
thrown [s\src\hotspot\share\prims\jni.cpp, line 1112]
Event: 6757.419 Thread 0x0000027bc7de9240 Implicit null exception at 0x0000027b105d512c to 0x0000027b105d516f
Event: 6757.462 Thread 0x0000027bc7de9240 Exception <a 'java/lang/NoSuchMethodError'{0x0000000606bab6a0}: static [Ljava/lang/Integer;.<clinit>()V> (0x0000000606bab6a0) 
thrown [s\src\hotspot\share\prims\jni.cpp, line 1112]
Event: 6994.889 Thread 0x0000027bc7de2d00 Exception <a 'sun/nio/fs/WindowsException'{0x000000060802ee28}> (0x000000060802ee28) 
thrown [s\src\hotspot\share\prims\jni.cpp, line 516]
Event: 6994.893 Thread 0x0000027bc7de2d00 Exception <a 'sun/nio/fs/WindowsException'{0x00000006080314c0}> (0x00000006080314c0) 
thrown [s\src\hotspot\share\prims\jni.cpp, line 516]
Event: 6994.894 Thread 0x0000027bc7de2d00 Exception <a 'sun/nio/fs/WindowsException'{0x00000006080338f8}> (0x00000006080338f8) 
thrown [s\src\hotspot\share\prims\jni.cpp, line 516]
Event: 6994.895 Thread 0x0000027bc7de2d00 Exception <a 'sun/nio/fs/WindowsException'{0x0000000608035978}> (0x0000000608035978) 
thrown [s\src\hotspot\share\prims\jni.cpp, line 516]
Event: 6994.985 Thread 0x0000027bc7de2d00 Exception <a 'sun/nio/fs/WindowsException'{0x00000006080ce330}> (0x00000006080ce330) 
thrown [s\src\hotspot\share\prims\jni.cpp, line 516]
Event: 6994.987 Thread 0x0000027bc7de2d00 Exception <a 'sun/nio/fs/WindowsException'{0x00000006080d07a8}> (0x00000006080d07a8) 
thrown [s\src\hotspot\share\prims\jni.cpp, line 516]
Event: 6994.990 Thread 0x0000027bc7de2d00 Exception <a 'sun/nio/fs/WindowsException'{0x00000006080d2750}> (0x00000006080d2750) 
thrown [s\src\hotspot\share\prims\jni.cpp, line 516]
Event: 6999.287 Thread 0x0000027bc7e2ad80 Implicit null exception at 0x0000027b1090d238 to 0x0000027b1090f5e0

VM Operations (20 events):
Event: 6995.331 Executing VM operation: Cleanup done
Event: 6996.332 Executing VM operation: Cleanup
Event: 6996.332 Executing VM operation: Cleanup done
Event: 6997.332 Executing VM operation: Cleanup
Event: 6997.332 Executing VM operation: Cleanup done
Event: 6998.333 Executing VM operation: Cleanup
Event: 6998.333 Executing VM operation: Cleanup done
Event: 6999.334 Executing VM operation: Cleanup
Event: 6999.337 Executing VM operation: Cleanup done
Event: 6999.651 Executing VM operation: G1CollectForAllocation
Event: 6999.783 Executing VM operation: G1CollectForAllocation done
Event: 7000.783 Executing VM operation: Cleanup
Event: 7002.484 Executing VM operation: Cleanup done
Event: 7003.517 Executing VM operation: HandshakeAllThreads
Event: 7003.517 Executing VM operation: HandshakeAllThreads done
Event: 7003.517 Executing VM operation: Cleanup
Event: 7003.517 Executing VM operation: Cleanup done
Event: 7003.887 Executing VM operation: G1CollectForAllocation
Event: 7003.925 Executing VM operation: G1CollectForAllocation done
Event: 7004.543 Executing VM operation: G1PauseRemark

Memory protections (0 events):
No events

Nmethod flushes (20 events):
Event: 6744.902 Thread 0x0000027b7bd963c0 flushing  nmethod 0x0000027b00e91310
Event: 6744.902 Thread 0x0000027b7bd963c0 flushing  nmethod 0x0000027b00e91b10
Event: 6744.902 Thread 0x0000027b7bd963c0 flushing  nmethod 0x0000027b00e94410
Event: 6744.902 Thread 0x0000027b7bd963c0 flushing  nmethod 0x0000027b00e94e90
Event: 6744.902 Thread 0x0000027b7bd963c0 flushing  nmethod 0x0000027b00e95990
Event: 6744.902 Thread 0x0000027b7bd963c0 flushing  nmethod 0x0000027b00e96990
Event: 6744.902 Thread 0x0000027b7bd963c0 flushing  nmethod 0x0000027b00e99990
Event: 6744.902 Thread 0x0000027b7bd963c0 flushing  nmethod 0x0000027b00e9fc90
Event: 6744.902 Thread 0x0000027b7bd963c0 flushing  nmethod 0x0000027b00ea3f90
Event: 6744.903 Thread 0x0000027b7bd963c0 flushing  nmethod 0x0000027b00f1e390
Event: 6744.903 Thread 0x0000027b7bd963c0 flushing  nmethod 0x0000027b00f7d410
Event: 6744.903 Thread 0x0000027b7bd963c0 flushing  nmethod 0x0000027b00f7d790
Event: 6755.046 Thread 0x0000027b7bd963c0 flushing  nmethod 0x0000027b10441490
Event: 6755.051 Thread 0x0000027b7bd963c0 flushing  nmethod 0x0000027b001d9b10
Event: 6755.055 Thread 0x0000027b7bd963c0 flushing  nmethod 0x0000027b0056eb90
Event: 6755.055 Thread 0x0000027b7bd963c0 flushing  nmethod 0x0000027b00577e90
Event: 6755.055 Thread 0x0000027b7bd963c0 flushing  nmethod 0x0000027b005ac010
Event: 6755.057 Thread 0x0000027b7bd963c0 flushing  nmethod 0x0000027b006c7890
Event: 6755.057 Thread 0x0000027b7bd963c0 flushing  nmethod 0x0000027b006c9610
Event: 6755.059 Thread 0x0000027b7bd963c0 flushing  nmethod 0x0000027b008f6c10

Events (20 events):
Event: 6757.260 Thread 0x0000027bc7de9240 Thread added: 0x0000027bc7de7e00
Event: 6757.266 Thread 0x0000027bc7de9240 Thread added: 0x0000027bc7de8310
Event: 6757.443 Thread 0x0000027bc7de9240 Thread added: 0x0000027bc7de8820
Event: 6757.443 Thread 0x0000027bc7de9240 Thread added: 0x0000027bc7de9750
Event: 6757.629 Thread 0x0000027bc7de8820 Thread added: 0x0000027bc7de8d30
Event: 6758.192 Thread 0x0000027b7bd68920 Thread added: 0x0000027bc82ae010
Event: 6761.121 Thread 0x0000027bc82ae010 Thread exited: 0x0000027bc82ae010
Event: 6832.843 Thread 0x0000027bc7de8d30 Thread exited: 0x0000027bc7de8d30
Event: 6880.517 Thread 0x0000027b7e4e0490 Thread added: 0x0000027bc7de8d30
Event: 6974.117 Thread 0x0000027bc7de8d30 Thread exited: 0x0000027bc7de8d30
Event: 6982.173 Thread 0x0000027bc7de8820 Thread added: 0x0000027bc7de8d30
Event: 6998.133 Thread 0x0000027bc5eb4740 Thread added: 0x0000027bc7e28f20
Event: 6998.135 Thread 0x0000027bc5eb4740 Thread added: 0x0000027bc7e29e50
Event: 6998.151 Thread 0x0000027bc5eb4740 Thread added: 0x0000027bc7e2a360
Event: 6999.286 Thread 0x0000027bc5eb4740 Thread added: 0x0000027bc7e2ad80
Event: 6999.288 Thread 0x0000027bc5eb4740 Thread added: 0x0000027bc7e2a870
Event: 6999.369 Thread 0x0000027bc5eb4740 Thread added: 0x0000027bc7e29940
Event: 7003.634 Thread 0x0000027bc5eb4740 Thread added: 0x0000027bc7e27ff0
Event: 7003.645 Thread 0x0000027bc5eb4740 Thread added: 0x0000027bc7e2b290
Event: 7003.654 Thread 0x0000027bc5eb4740 Thread added: 0x0000027bc7e2b7a0


Dynamic libraries:
0x00007ff6190f0000 - 0x00007ff6190fe000 	C:\Program Files\Eclipse Adoptium\jdk-17.0.13.11-hotspot\bin\java.exe
0x00007ffb329a0000 - 0x00007ffb32c05000 	C:\WINDOWS\SYSTEM32\ntdll.dll
0x00007ffb319d0000 - 0x00007ffb31a99000 	C:\WINDOWS\System32\KERNEL32.DLL
0x00007ffb2fc70000 - 0x00007ffb30058000 	C:\WINDOWS\System32\KERNELBASE.dll
0x00007ffb30350000 - 0x00007ffb3049b000 	C:\WINDOWS\System32\ucrtbase.dll
0x00007ffb23a20000 - 0x00007ffb23a37000 	C:\Program Files\Eclipse Adoptium\jdk-17.0.13.11-hotspot\bin\jli.dll
0x00007ffb326d0000 - 0x00007ffb3289a000 	C:\WINDOWS\System32\USER32.dll
0x00007ffb30320000 - 0x00007ffb30347000 	C:\WINDOWS\System32\win32u.dll
0x00007ffb32340000 - 0x00007ffb3236b000 	C:\WINDOWS\System32\GDI32.dll
0x00007ffb19080000 - 0x00007ffb1909e000 	C:\Program Files\Eclipse Adoptium\jdk-17.0.13.11-hotspot\bin\VCRUNTIME140.dll
0x00007ffb301e0000 - 0x00007ffb30317000 	C:\WINDOWS\System32\gdi32full.dll
0x00007ffb30600000 - 0x00007ffb306a3000 	C:\WINDOWS\System32\msvcp_win.dll
0x00007ffb195b0000 - 0x00007ffb1984a000 	C:\WINDOWS\WinSxS\amd64_microsoft.windows.common-controls_6595b64144ccf1df_6.0.26100.4202_none_3e0698d4e335f517\COMCTL32.dll
0x00007ffb32370000 - 0x00007ffb32419000 	C:\WINDOWS\System32\msvcrt.dll
0x00007ffb31230000 - 0x00007ffb31260000 	C:\WINDOWS\System32\IMM32.DLL
0x00007ffb2a630000 - 0x00007ffb2a63c000 	C:\Program Files\Eclipse Adoptium\jdk-17.0.13.11-hotspot\bin\vcruntime140_1.dll
0x00007ffb0bc00000 - 0x00007ffb0bc8d000 	C:\Program Files\Eclipse Adoptium\jdk-17.0.13.11-hotspot\bin\msvcp140.dll
0x00007ffadb830000 - 0x00007ffadc49b000 	C:\Program Files\Eclipse Adoptium\jdk-17.0.13.11-hotspot\bin\server\jvm.dll
0x00007ffb328a0000 - 0x00007ffb32953000 	C:\WINDOWS\System32\ADVAPI32.dll
0x00007ffb32600000 - 0x00007ffb326a6000 	C:\WINDOWS\System32\sechost.dll
0x00007ffb31270000 - 0x00007ffb31385000 	C:\WINDOWS\System32\RPCRT4.dll
0x00007ffb31820000 - 0x00007ffb31894000 	C:\WINDOWS\System32\WS2_32.dll
0x00007ffb2f940000 - 0x00007ffb2f99e000 	C:\WINDOWS\SYSTEM32\POWRPROF.dll
0x00007ffb28640000 - 0x00007ffb28675000 	C:\WINDOWS\SYSTEM32\WINMM.dll
0x00007ffb2d4d0000 - 0x00007ffb2d4db000 	C:\WINDOWS\SYSTEM32\VERSION.dll
0x00007ffb2f920000 - 0x00007ffb2f934000 	C:\WINDOWS\SYSTEM32\UMPDC.dll
0x00007ffb2e8b0000 - 0x00007ffb2e8cb000 	C:\WINDOWS\SYSTEM32\kernel.appcore.dll
0x00007ffb28bf0000 - 0x00007ffb28bfa000 	C:\Program Files\Eclipse Adoptium\jdk-17.0.13.11-hotspot\bin\jimage.dll
0x00007ffb22400000 - 0x00007ffb22641000 	C:\WINDOWS\SYSTEM32\DBGHELP.DLL
0x00007ffb31490000 - 0x00007ffb31815000 	C:\WINDOWS\System32\combase.dll
0x00007ffb32500000 - 0x00007ffb325e1000 	C:\WINDOWS\System32\OLEAUT32.dll
0x00007ffb13a70000 - 0x00007ffb13aa9000 	C:\WINDOWS\SYSTEM32\dbgcore.DLL
0x00007ffb30560000 - 0x00007ffb305f9000 	C:\WINDOWS\System32\bcryptPrimitives.dll
0x00007ffb28840000 - 0x00007ffb2884e000 	C:\Program Files\Eclipse Adoptium\jdk-17.0.13.11-hotspot\bin\instrument.dll
0x00007ffb170c0000 - 0x00007ffb170e5000 	C:\Program Files\Eclipse Adoptium\jdk-17.0.13.11-hotspot\bin\java.dll
0x00007ffb0ae60000 - 0x00007ffb0af37000 	C:\Program Files\Eclipse Adoptium\jdk-17.0.13.11-hotspot\bin\jsvml.dll
0x00007ffb30930000 - 0x00007ffb31072000 	C:\WINDOWS\System32\SHELL32.dll
0x00007ffb30060000 - 0x00007ffb301d4000 	C:\WINDOWS\System32\wintypes.dll
0x00007ffb2d740000 - 0x00007ffb2df98000 	C:\WINDOWS\SYSTEM32\windows.storage.dll
0x00007ffb31b70000 - 0x00007ffb31c61000 	C:\WINDOWS\System32\SHCORE.dll
0x00007ffb32420000 - 0x00007ffb3248a000 	C:\WINDOWS\System32\shlwapi.dll
0x00007ffb2fa00000 - 0x00007ffb2fa2f000 	C:\WINDOWS\SYSTEM32\profapi.dll
0x00007ffb18d70000 - 0x00007ffb18d88000 	C:\Program Files\Eclipse Adoptium\jdk-17.0.13.11-hotspot\bin\zip.dll
0x00007ffb170a0000 - 0x00007ffb170b9000 	C:\Program Files\Eclipse Adoptium\jdk-17.0.13.11-hotspot\bin\net.dll
0x00007ffb24fd0000 - 0x00007ffb250ee000 	C:\WINDOWS\SYSTEM32\WINHTTP.dll
0x00007ffb2ee20000 - 0x00007ffb2ee8a000 	C:\WINDOWS\system32\mswsock.dll
0x00007ffb16d70000 - 0x00007ffb16d86000 	C:\Program Files\Eclipse Adoptium\jdk-17.0.13.11-hotspot\bin\nio.dll
0x00007ffb19950000 - 0x00007ffb19960000 	C:\Program Files\Eclipse Adoptium\jdk-17.0.13.11-hotspot\bin\verify.dll
0x00007ffb2d420000 - 0x00007ffb2d447000 	C:\Users\HP\.gradle\native\1def1411415f61bf3af743bc5b6707747c0891f09f0c88961ee8f79bc544acac\windows-amd64\native-platform.dll
0x0000000063a90000 - 0x0000000063b03000 	C:\Users\HP\.gradle\native\0.2.5\x86_64-windows-gnu\gradle-fileevents.dll
0x00007ffb19170000 - 0x00007ffb1917a000 	C:\Program Files\Eclipse Adoptium\jdk-17.0.13.11-hotspot\bin\management.dll
0x00007ffb18cd0000 - 0x00007ffb18cdb000 	C:\Program Files\Eclipse Adoptium\jdk-17.0.13.11-hotspot\bin\management_ext.dll
0x00007ffb324f0000 - 0x00007ffb324f8000 	C:\WINDOWS\System32\PSAPI.DLL
0x00007ffb2f0d0000 - 0x00007ffb2f0eb000 	C:\WINDOWS\SYSTEM32\CRYPTSP.dll
0x00007ffb2e810000 - 0x00007ffb2e84a000 	C:\WINDOWS\system32\rsaenh.dll
0x00007ffb2eec0000 - 0x00007ffb2eeeb000 	C:\WINDOWS\SYSTEM32\USERENV.dll
0x00007ffb2f9d0000 - 0x00007ffb2f9f6000 	C:\WINDOWS\SYSTEM32\bcrypt.dll
0x00007ffb2f0f0000 - 0x00007ffb2f0fc000 	C:\WINDOWS\SYSTEM32\CRYPTBASE.dll
0x00007ffb2e2a0000 - 0x00007ffb2e2d3000 	C:\WINDOWS\SYSTEM32\IPHLPAPI.DLL
0x00007ffb325f0000 - 0x00007ffb325fa000 	C:\WINDOWS\System32\NSI.dll
0x00007ffb25270000 - 0x00007ffb2528f000 	C:\WINDOWS\SYSTEM32\dhcpcsvc6.DLL
0x00007ffb24f10000 - 0x00007ffb24f35000 	C:\WINDOWS\SYSTEM32\dhcpcsvc.DLL
0x00007ffb2e390000 - 0x00007ffb2e4b7000 	C:\WINDOWS\SYSTEM32\DNSAPI.dll
0x00007ffb18680000 - 0x00007ffb18689000 	C:\Program Files\Eclipse Adoptium\jdk-17.0.13.11-hotspot\bin\extnet.dll
0x00007ffb18490000 - 0x00007ffb1849e000 	C:\Program Files\Eclipse Adoptium\jdk-17.0.13.11-hotspot\bin\sunmscapi.dll
0x00007ffb2faf0000 - 0x00007ffb2fc67000 	C:\WINDOWS\System32\CRYPT32.dll
0x00007ffb2f2f0000 - 0x00007ffb2f320000 	C:\WINDOWS\SYSTEM32\ncrypt.dll
0x00007ffb2f2a0000 - 0x00007ffb2f2df000 	C:\WINDOWS\SYSTEM32\NTASN1.dll
0x00007ffaccde0000 - 0x00007ffaccde8000 	C:\WINDOWS\system32\wshunix.dll
0x0000000063a10000 - 0x0000000063a83000 	C:\Users\HP\AppData\Local\Temp\native-platform1516633378646034425dir\gradle-fileevents.dll
0x00007ffb114b0000 - 0x00007ffb114c8000 	C:\WINDOWS\system32\napinsp.dll
0x00007ffb113b0000 - 0x00007ffb113c2000 	C:\WINDOWS\System32\winrnr.dll
0x00007ffb109b0000 - 0x00007ffb109e0000 	C:\WINDOWS\system32\nlansp_c.dll
0x00007ffb24400000 - 0x00007ffb24420000 	C:\WINDOWS\system32\wshbth.dll
0x00007ffb231f0000 - 0x00007ffb231fb000 	C:\Windows\System32\rasadhlp.dll
0x00007ffb23990000 - 0x00007ffb23a16000 	C:\WINDOWS\System32\fwpuclnt.dll
0x00007ffb2d3b0000 - 0x00007ffb2d3b7000 	C:\Program Files\Eclipse Adoptium\jdk-17.0.13.11-hotspot\bin\rmi.dll

dbghelp: loaded successfully - version: 4.0.5 - missing functions: none
symbol engine: initialized successfully - sym options: 0x614 - pdb path: .;C:\Program Files\Eclipse Adoptium\jdk-17.0.13.11-hotspot\bin;C:\WINDOWS\SYSTEM32;C:\WINDOWS\WinSxS\amd64_microsoft.windows.common-controls_6595b64144ccf1df_6.0.26100.4202_none_3e0698d4e335f517;C:\Program Files\Eclipse Adoptium\jdk-17.0.13.11-hotspot\bin\server;C:\Users\HP\.gradle\native\1def1411415f61bf3af743bc5b6707747c0891f09f0c88961ee8f79bc544acac\windows-amd64;C:\Users\HP\.gradle\native\0.2.5\x86_64-windows-gnu;C:\Users\HP\AppData\Local\Temp\native-platform1516633378646034425dir

VM Arguments:
jvm_args: --add-opens=java.base/java.lang=ALL-UNNAMED --add-opens=java.base/java.lang.invoke=ALL-UNNAMED --add-opens=java.base/java.util=ALL-UNNAMED --add-opens=java.prefs/java.util.prefs=ALL-UNNAMED --add-exports=jdk.compiler/com.sun.tools.javac.api=ALL-UNNAMED --add-exports=jdk.compiler/com.sun.tools.javac.util=ALL-UNNAMED --add-opens=java.base/java.util=ALL-UNNAMED --add-opens=java.prefs/java.util.prefs=ALL-UNNAMED --add-opens=java.base/java.nio.charset=ALL-UNNAMED --add-opens=java.base/java.net=ALL-UNNAMED --add-opens=java.base/java.util.concurrent.atomic=ALL-UNNAMED --add-opens=java.xml/javax.xml.namespace=ALL-UNNAMED -XX:MaxMetaspaceSize=4G -XX:ReservedCodeCacheSize=512m -XX:+HeapDumpOnOutOfMemoryError -Xmx8G -Dfile.encoding=UTF-8 -Duser.country=IN -Duser.language=en -Duser.variant -javaagent:C:\Users\HP\.gradle\wrapper\dists\gradle-8.12-all\ejduaidbjup3bmmkhw3rie4zb\gradle-8.12\lib\agents\gradle-instrumentation-agent-8.12.jar 
java_command: org.gradle.launcher.daemon.bootstrap.GradleDaemon 8.12
java_class_path (initial): C:\Users\HP\.gradle\wrapper\dists\gradle-8.12-all\ejduaidbjup3bmmkhw3rie4zb\gradle-8.12\lib\gradle-daemon-main-8.12.jar
Launcher Type: SUN_STANDARD

[Global flags]
     intx CICompilerCount                          = 3                                         {product} {ergonomic}
     uint ConcGCThreads                            = 1                                         {product} {ergonomic}
     uint G1ConcRefinementThreads                  = 4                                         {product} {ergonomic}
   size_t G1HeapRegionSize                         = 4194304                                   {product} {ergonomic}
    uintx GCDrainStackTargetSize                   = 64                                        {product} {ergonomic}
     bool HeapDumpOnOutOfMemoryError               = true                                   {manageable} {command line}
   size_t InitialHeapSize                          = 58720256                                  {product} {ergonomic}
   size_t MarkStackSize                            = 4194304                                   {product} {ergonomic}
   size_t MaxHeapSize                              = 8589934592                                {product} {command line}
   size_t MaxMetaspaceSize                         = 4294967296                                {product} {command line}
   size_t MaxNewSize                               = 5150605312                                {product} {ergonomic}
   size_t MinHeapDeltaBytes                        = 4194304                                   {product} {ergonomic}
   size_t MinHeapSize                              = 8388608                                   {product} {ergonomic}
    uintx NonNMethodCodeHeapSize                   = 5832780                                {pd product} {ergonomic}
    uintx NonProfiledCodeHeapSize                  = 265519066                              {pd product} {ergonomic}
    uintx ProfiledCodeHeapSize                     = 265519066                              {pd product} {ergonomic}
    uintx ReservedCodeCacheSize                    = 536870912                              {pd product} {command line}
     bool SegmentedCodeCache                       = true                                      {product} {ergonomic}
   size_t SoftMaxHeapSize                          = 8589934592                             {manageable} {ergonomic}
   double SweeperThreshold                         = 0.234375                                  {product} {ergonomic}
     bool UseCompressedClassPointers               = true                           {product lp64_product} {ergonomic}
     bool UseCompressedOops                        = true                           {product lp64_product} {ergonomic}
     bool UseG1GC                                  = true                                      {product} {ergonomic}
     bool UseLargePagesIndividualAllocation        = false                                  {pd product} {ergonomic}

Logging:
Log output configuration:
 #0: stdout all=warning uptime,level,tags
 #1: stderr all=off uptime,level,tags

Environment Variables:
JAVA_HOME=C:\Program Files\Java\jdk-23\bin
PATH=C:\Program Files\Common Files\Oracle\Java\javapath;C:\Program Files\Eclipse Adoptium\jdk-17.0.13.11-hotspot\bin;C:\MinGW\bin;C:\WINDOWS;C:\WINDOWS\System32\Wbem;C:\WINDOWS\System32\WindowsPowerShell\v1.0\;C:\WINDOWS\System32\OpenSSH\;C:\Program Files\MySQL\MySQL Server 8.0\bin;C:\Program Files\Java\jdk-23\bin;C:\WINDOWS\system32;C:\Program Files\Git\cmd;C:\Program Files\Cloudflare\Cloudflare WARP\;C:\Users\HP\flutter_windows_3.32.5-stable\flutter\bin;C:\Users\HP\AppData\Local\Programs\Python\Python313\Scripts\;C:\Users\HP\AppData\Local\Programs\Python\Python313\;C:\Program Files\MySQL\MySQL Shell 8.0\bin\;C:\Users\HP\AppData\Local\Microsoft\WindowsApps;C:\Users\HP\AppData\Local\Programs\Microsoft VS Code\bin;C:\Program Files\Java\jdk-23\bin;C:\Users\HP\AppData\Local\GitHubDesktop\bin;C:\Program Files (x86)\Nmap;C:\Users\HP\AppData\Local\Programs\cursor\resources\app\bin;C:\Users\HP\flutter_windows_3.32.5-stable\flutter\bin;
USERNAME=Medhansh Shrivastav
OS=Windows_NT
PROCESSOR_IDENTIFIER=AMD64 Family 23 Model 24 Stepping 1, AuthenticAMD
TMP=C:\Users\HP\AppData\Local\Temp
TEMP=C:\Users\HP\AppData\Local\Temp



Periodic native trim disabled


---------------  S Y S T E M  ---------------

OS:
 Windows 11 , 64 bit Build 26100 (10.0.26100.4202)
OS uptime: 0 days 3:35 hours
Hyper-V role detected

CPU: total 4 (initial active 4) (4 cores per cpu, 2 threads per core) family 23 model 24 stepping 1 microcode 0x8108109, cx8, cmov, fxsr, ht, mmx, 3dnowpref, sse, sse2, sse3, ssse3, sse4a, sse4.1, sse4.2, popcnt, lzcnt, tsc, tscinvbit, avx, avx2, aes, clmul, bmi1, bmi2, adx, sha, fma, vzeroupper, clflush, clflushopt, hv
Processor Information for all 4 processors :
  Max Mhz: 2600, Current Mhz: 2600, Mhz Limit: 2600

Memory: 4k page, system-wide physical 3526M (344M free)
TotalPageFile size 14278M (AvailPageFile size 12M)
current process WorkingSet (physical memory assigned to process): 241M, peak: 303M
current process commit charge ("private bytes"): 403M, peak: 423M

vm_info: OpenJDK 64-Bit Server VM (17.0.13+11) for windows-amd64 JRE (17.0.13+11), built on Oct 16 2024 00:10:08 by "admin" with MS VC++ 17.7 (VS2022)

END.
