#
# There is insufficient memory for the Java Runtime Environment to continue.
# Native memory allocation (mmap) failed to map 84934656 bytes. Error detail: G1 virtual space
# Possible reasons:
#   The system is out of physical RAM or swap space
#   This process is running with CompressedOops enabled, and the Java Heap may be blocking the growth of the native heap
# Possible solutions:
#   Reduce memory load on the system
#   Increase physical memory or swap space
#   Check if swap backing store is full
#   Decrease Java heap size (-Xmx/-Xms)
#   Decrease number of Java threads
#   Decrease Java thread stack sizes (-Xss)
#   Set larger code cache with -XX:ReservedCodeCacheSize=
#   JVM is running with Unscaled Compressed Oops mode in which the Java heap is
#     placed in the first 4GB address space. The Java Heap base address is the
#     maximum limit for the native heap growth. Please use -XX:HeapBaseMinAddress
#     to set the Java Heap base and to place the Java Heap above 4GB virtual address.
# This output file may be truncated or incomplete.
#
#  Out of Memory Error (os_windows.cpp:3614), pid=10156, tid=13560
#
# JRE version: OpenJDK Runtime Environment Temurin-17.0.13+11 (17.0.13+11) (build 17.0.13+11)
# Java VM: OpenJDK 64-Bit Server VM Temurin-17.0.13+11 (17.0.13+11, mixed mode, sharing, tiered, compressed oops, compressed class ptrs, g1 gc, windows-amd64)
# No core dump will be written. Minidumps are not enabled by default on client versions of Windows
#

---------------  S U M M A R Y ------------

Command Line: --add-opens=java.base/java.lang=ALL-UNNAMED --add-opens=java.base/java.lang.invoke=ALL-UNNAMED --add-opens=java.base/java.util=ALL-UNNAMED --add-opens=java.prefs/java.util.prefs=ALL-UNNAMED --add-exports=jdk.compiler/com.sun.tools.javac.api=ALL-UNNAMED --add-exports=jdk.compiler/com.sun.tools.javac.util=ALL-UNNAMED --add-opens=java.base/java.util=ALL-UNNAMED --add-opens=java.prefs/java.util.prefs=ALL-UNNAMED --add-opens=java.base/java.nio.charset=ALL-UNNAMED --add-opens=java.base/java.net=ALL-UNNAMED --add-opens=java.base/java.util.concurrent.atomic=ALL-UNNAMED --add-opens=java.xml/javax.xml.namespace=ALL-UNNAMED -XX:MaxMetaspaceSize=512m -XX:ReservedCodeCacheSize=128m -XX:+HeapDumpOnOutOfMemoryError -Xmx2048M -Dfile.encoding=UTF-8 -Duser.country=IN -Duser.language=en -Duser.variant -javaagent:C:\Users\HP\.gradle\wrapper\dists\gradle-8.12-all\ejduaidbjup3bmmkhw3rie4zb\gradle-8.12\lib\agents\gradle-instrumentation-agent-8.12.jar org.gradle.launcher.daemon.bootstrap.GradleDaemon 8.12

Host: AMD Ryzen 3 3250U with Radeon Graphics         , 4 cores, 3G,  Windows 11 , 64 bit Build 26100 (10.0.26100.4202)
Time: Wed Jul  9 00:58:48 2025 India Standard Time elapsed time: 100.020478 seconds (0d 0h 1m 40s)

---------------  T H R E A D  ---------------

Current thread (0x00000194fd962e80):  VMThread "VM Thread" [stack: 0x0000008c78b00000,0x0000008c78c00000] [id=13560]

Stack: [0x0000008c78b00000,0x0000008c78c00000]
Native frames: (J=compiled Java code, j=interpreted, Vv=VM code, C=native code)
V  [jvm.dll+0x682a19]
V  [jvm.dll+0x839538]
V  [jvm.dll+0x83afe3]
V  [jvm.dll+0x83b653]
V  [jvm.dll+0x24704f]
V  [jvm.dll+0x67f809]
V  [jvm.dll+0x6746fa]
V  [jvm.dll+0x304a96]
V  [jvm.dll+0x30bf56]
V  [jvm.dll+0x35da5e]
V  [jvm.dll+0x35dc9d]
V  [jvm.dll+0x2dbe5c]
V  [jvm.dll+0x2da1ff]
V  [jvm.dll+0x2d996c]
V  [jvm.dll+0x31d14b]
V  [jvm.dll+0x83fe8d]
V  [jvm.dll+0x840bc3]
V  [jvm.dll+0x8410ef]
V  [jvm.dll+0x8414d4]
V  [jvm.dll+0x84159e]
V  [jvm.dll+0x7e8ffc]
V  [jvm.dll+0x6818f7]
C  [ucrtbase.dll+0x37b0]
C  [KERNEL32.DLL+0x2e8d7]
C  [ntdll.dll+0x3c34c]

VM_Operation (0x0000008c7a5fedb0): G1CollectForAllocation, mode: safepoint, requested by thread 0x00000194fdee3510


---------------  P R O C E S S  ---------------

Threads class SMR info:
_java_thread_list=0x000001949f891130, length=72, elements={
0x00000194e4ee0880, 0x00000194fd967de0, 0x00000194fd96a430, 0x00000194fd97eef0,
0x00000194fd9837e0, 0x00000194fd9840b0, 0x00000194fd984980, 0x00000194fd985580,
0x00000194fd9f4400, 0x00000194fda0f470, 0x00000194fd9551b0, 0x00000194fdbcf890,
0x00000194fdebf070, 0x00000194fe6b9b70, 0x00000194fdef0a60, 0x00000194fe8b44c0,
0x00000194fdbf0620, 0x00000194fdee11a0, 0x00000194fdee2af0, 0x00000194fdee0c90,
0x00000194fdee3a20, 0x00000194fdee3510, 0x00000194fdee4440, 0x00000194fdee3000,
0x00000194fdee16b0, 0x00000194fdee1bc0, 0x00000194fdee20d0, 0x00000194fdee3f30,
0x000001949f4d16d0, 0x000001949f4cfd80, 0x000001949f4d1be0, 0x000001949f4cf870,
0x000001949f4d20f0, 0x000001949f4d2b10, 0x000001949f4d11c0, 0x000001949f4d3530,
0x000001949f4d0290, 0x000001949f4d3f50, 0x000001949f4d67d0, 0x000001949f4d6ce0,
0x000001949f4d58a0, 0x000001949f4d4460, 0x000001949f4d71f0, 0x000001949f4d4970,
0x000001949f4d4e80, 0x000001949f4d5db0, 0x000001949f4d62c0, 0x00000194a0099fa0,
0x00000194a009aed0, 0x00000194a009a9c0, 0x00000194a009b3e0, 0x00000194a009b8f0,
0x00000194a0099a90, 0x00000194a0098140, 0x00000194a009be00, 0x00000194a009c310,
0x00000194a0098b60, 0x00000194a009c820, 0x00000194a009cd30, 0x00000194a0099580,
0x00000194a009e680, 0x00000194a009dc60, 0x00000194a009fac0, 0x00000194a009d240,
0x00000194a009e170, 0x00000194a009d750, 0x00000194a009f5b0, 0x00000194a052f8f0,
0x00000194a052d580, 0x00000194a052da90, 0x00000194a052eed0, 0x00000194a052f3e0
}

Java Threads: ( => current thread )
  0x00000194e4ee0880 JavaThread "main" [_thread_blocked, id=8232, stack(0x0000008c78500000,0x0000008c78600000)]
  0x00000194fd967de0 JavaThread "Reference Handler" daemon [_thread_blocked, id=9756, stack(0x0000008c78c00000,0x0000008c78d00000)]
  0x00000194fd96a430 JavaThread "Finalizer" daemon [_thread_blocked, id=6572, stack(0x0000008c78d00000,0x0000008c78e00000)]
  0x00000194fd97eef0 JavaThread "Signal Dispatcher" daemon [_thread_blocked, id=664, stack(0x0000008c78e00000,0x0000008c78f00000)]
  0x00000194fd9837e0 JavaThread "Attach Listener" daemon [_thread_blocked, id=10576, stack(0x0000008c78f00000,0x0000008c79000000)]
  0x00000194fd9840b0 JavaThread "Service Thread" daemon [_thread_blocked, id=12104, stack(0x0000008c79000000,0x0000008c79100000)]
  0x00000194fd984980 JavaThread "Monitor Deflation Thread" daemon [_thread_blocked, id=12444, stack(0x0000008c79100000,0x0000008c79200000)]
  0x00000194fd985580 JavaThread "C2 CompilerThread0" daemon [_thread_blocked, id=6464, stack(0x0000008c79200000,0x0000008c79300000)]
  0x00000194fd9f4400 JavaThread "C1 CompilerThread0" daemon [_thread_blocked, id=13728, stack(0x0000008c79300000,0x0000008c79400000)]
  0x00000194fda0f470 JavaThread "Sweeper thread" daemon [_thread_blocked, id=12580, stack(0x0000008c79400000,0x0000008c79500000)]
  0x00000194fd9551b0 JavaThread "Common-Cleaner" daemon [_thread_blocked, id=9352, stack(0x0000008c79500000,0x0000008c79600000)]
  0x00000194fdbcf890 JavaThread "Notification Thread" daemon [_thread_blocked, id=9852, stack(0x0000008c79600000,0x0000008c79700000)]
  0x00000194fdebf070 JavaThread "Daemon health stats" [_thread_blocked, id=13936, stack(0x0000008c79c00000,0x0000008c79d00000)]
  0x00000194fe6b9b70 JavaThread "Incoming local TCP Connector on port 3322" [_thread_in_native, id=8100, stack(0x0000008c79d00000,0x0000008c79e00000)]
  0x00000194fdef0a60 JavaThread "Daemon periodic checks" [_thread_blocked, id=12552, stack(0x0000008c79e00000,0x0000008c79f00000)]
  0x00000194fe8b44c0 JavaThread "Daemon" [_thread_blocked, id=12068, stack(0x0000008c79f00000,0x0000008c7a000000)]
  0x00000194fdbf0620 JavaThread "Handler for socket connection from /127.0.0.1:3322 to /127.0.0.1:3323" [_thread_in_native, id=10120, stack(0x0000008c7a000000,0x0000008c7a100000)]
  0x00000194fdee11a0 JavaThread "Cancel handler" [_thread_blocked, id=10168, stack(0x0000008c7a100000,0x0000008c7a200000)]
  0x00000194fdee2af0 JavaThread "Daemon worker" [_thread_blocked, id=10528, stack(0x0000008c7a200000,0x0000008c7a300000)]
  0x00000194fdee0c90 JavaThread "Asynchronous log dispatcher for DefaultDaemonConnection: socket connection from /127.0.0.1:3322 to /127.0.0.1:3323" [_thread_blocked, id=11260, stack(0x0000008c7a300000,0x0000008c7a400000)]
  0x00000194fdee3a20 JavaThread "Stdin handler" [_thread_blocked, id=11628, stack(0x0000008c7a400000,0x0000008c7a500000)]
  0x00000194fdee3510 JavaThread "Daemon client event forwarder" [_thread_blocked, id=2624, stack(0x0000008c7a500000,0x0000008c7a600000)]
  0x00000194fdee4440 JavaThread "Cache worker for journal cache (C:\Users\HP\.gradle\caches\journal-1)" [_thread_blocked, id=11984, stack(0x0000008c7a600000,0x0000008c7a700000)]
  0x00000194fdee3000 JavaThread "File lock request listener" [_thread_in_native, id=3888, stack(0x0000008c7a700000,0x0000008c7a800000)]
  0x00000194fdee16b0 JavaThread "Cache worker for file hash cache (C:\Users\HP\.gradle\caches\8.12\fileHashes)" [_thread_blocked, id=9500, stack(0x0000008c7a800000,0x0000008c7a900000)]
  0x00000194fdee1bc0 JavaThread "Cache worker for file hash cache (C:\Users\HP\Desktop\Projects\Faida\frontend\user_profile\android\.gradle\8.12\fileHashes)" [_thread_blocked, id=9932, stack(0x0000008c7aa00000,0x0000008c7ab00000)]
  0x00000194fdee20d0 JavaThread "Cache worker for Build Output Cleanup Cache (C:\Users\HP\Desktop\Projects\Faida\frontend\user_profile\android\.gradle\buildOutputCleanup)" [_thread_blocked, id=5160, stack(0x0000008c7ab00000,0x0000008c7ac00000)]
  0x00000194fdee3f30 JavaThread "File watcher server" daemon [_thread_in_native, id=12972, stack(0x0000008c7ac00000,0x0000008c7ad00000)]
  0x000001949f4d16d0 JavaThread "File watcher consumer" daemon [_thread_blocked, id=3408, stack(0x0000008c7ad00000,0x0000008c7ae00000)]
  0x000001949f4cfd80 JavaThread "jar transforms" [_thread_blocked, id=13060, stack(0x0000008c7a900000,0x0000008c7aa00000)]
  0x000001949f4d1be0 JavaThread "jar transforms Thread 2" [_thread_blocked, id=2152, stack(0x0000008c7ae00000,0x0000008c7af00000)]
  0x000001949f4cf870 JavaThread "Cache worker for checksums cache (C:\Users\HP\Desktop\Projects\Faida\frontend\user_profile\android\.gradle\8.12\checksums)" [_thread_blocked, id=2968, stack(0x0000008c7af00000,0x0000008c7b000000)]
  0x000001949f4d20f0 JavaThread "Cache worker for file content cache (C:\Users\HP\.gradle\caches\8.12\fileContent)" [_thread_blocked, id=9160, stack(0x0000008c7b000000,0x0000008c7b100000)]
  0x000001949f4d2b10 JavaThread "Cache worker for cache directory md-rule (C:\Users\HP\.gradle\caches\8.12\md-rule)" [_thread_blocked, id=7452, stack(0x0000008c7b100000,0x0000008c7b200000)]
  0x000001949f4d11c0 JavaThread "Cache worker for cache directory md-supplier (C:\Users\HP\.gradle\caches\8.12\md-supplier)" [_thread_blocked, id=12340, stack(0x0000008c7b200000,0x0000008c7b300000)]
  0x000001949f4d3530 JavaThread "Cache worker for Build Output Cleanup Cache (C:\Users\HP\flutter_windows_3.32.5-stable\flutter\packages\flutter_tools\gradle\.gradle\buildOutputCleanup)" [_thread_blocked, id=2320, stack(0x0000008c7b300000,0x0000008c7b400000)]
  0x000001949f4d0290 JavaThread "Unconstrained build operations" [_thread_blocked, id=2036, stack(0x0000008c7b400000,0x0000008c7b500000)]
  0x000001949f4d3f50 JavaThread "Unconstrained build operations Thread 2" [_thread_blocked, id=10420, stack(0x0000008c7b500000,0x0000008c7b600000)]
  0x000001949f4d67d0 JavaThread "Unconstrained build operations Thread 3" [_thread_blocked, id=2176, stack(0x0000008c7b600000,0x0000008c7b700000)]
  0x000001949f4d6ce0 JavaThread "Unconstrained build operations Thread 4" [_thread_blocked, id=9792, stack(0x0000008c7b700000,0x0000008c7b800000)]
  0x000001949f4d58a0 JavaThread "Unconstrained build operations Thread 5" [_thread_blocked, id=8768, stack(0x0000008c7b800000,0x0000008c7b900000)]
  0x000001949f4d4460 JavaThread "Unconstrained build operations Thread 6" [_thread_blocked, id=8252, stack(0x0000008c7b900000,0x0000008c7ba00000)]
  0x000001949f4d71f0 JavaThread "Unconstrained build operations Thread 7" [_thread_blocked, id=264, stack(0x0000008c7ba00000,0x0000008c7bb00000)]
  0x000001949f4d4970 JavaThread "Unconstrained build operations Thread 8" [_thread_blocked, id=5464, stack(0x0000008c7bb00000,0x0000008c7bc00000)]
  0x000001949f4d4e80 JavaThread "Unconstrained build operations Thread 9" [_thread_blocked, id=4684, stack(0x0000008c7bc00000,0x0000008c7bd00000)]
  0x000001949f4d5db0 JavaThread "Memory manager" [_thread_blocked, id=6416, stack(0x0000008c78400000,0x0000008c78500000)]
  0x000001949f4d62c0 JavaThread "build event listener" [_thread_blocked, id=7608, stack(0x0000008c7bf00000,0x0000008c7c000000)]
  0x00000194a0099fa0 JavaThread "included builds" [_thread_blocked, id=5816, stack(0x0000008c7c000000,0x0000008c7c100000)]
  0x00000194a009aed0 JavaThread "Execution worker" [_thread_blocked, id=7500, stack(0x0000008c7c100000,0x0000008c7c200000)]
  0x00000194a009a9c0 JavaThread "Execution worker Thread 2" [_thread_blocked, id=3024, stack(0x0000008c7c200000,0x0000008c7c300000)]
  0x00000194a009b3e0 JavaThread "Execution worker Thread 3" [_thread_blocked, id=12396, stack(0x0000008c7c300000,0x0000008c7c400000)]
  0x00000194a009b8f0 JavaThread "Cache worker for execution history cache (C:\Users\HP\flutter_windows_3.32.5-stable\flutter\packages\flutter_tools\gradle\.gradle\8.12\executionHistory)" [_thread_blocked, id=2360, stack(0x0000008c7c400000,0x0000008c7c500000)]
  0x00000194a0099a90 JavaThread "Unconstrained build operations Thread 10" [_thread_blocked, id=14096, stack(0x0000008c7c500000,0x0000008c7c600000)]
  0x00000194a0098140 JavaThread "Unconstrained build operations Thread 11" [_thread_blocked, id=12624, stack(0x0000008c7c600000,0x0000008c7c700000)]
  0x00000194a009be00 JavaThread "Unconstrained build operations Thread 12" [_thread_blocked, id=3612, stack(0x0000008c7c700000,0x0000008c7c800000)]
  0x00000194a009c310 JavaThread "Unconstrained build operations Thread 13" [_thread_blocked, id=6388, stack(0x0000008c7c800000,0x0000008c7c900000)]
  0x00000194a0098b60 JavaThread "Unconstrained build operations Thread 14" [_thread_blocked, id=2172, stack(0x0000008c7c900000,0x0000008c7ca00000)]
  0x00000194a009c820 JavaThread "Unconstrained build operations Thread 15" [_thread_blocked, id=2608, stack(0x0000008c7ca00000,0x0000008c7cb00000)]
  0x00000194a009cd30 JavaThread "Unconstrained build operations Thread 16" [_thread_blocked, id=13528, stack(0x0000008c7cb00000,0x0000008c7cc00000)]
  0x00000194a0099580 JavaThread "Unconstrained build operations Thread 17" [_thread_blocked, id=12220, stack(0x0000008c7cc00000,0x0000008c7cd00000)]
  0x00000194a009e680 JavaThread "Unconstrained build operations Thread 18" [_thread_blocked, id=12504, stack(0x0000008c7cd00000,0x0000008c7ce00000)]
  0x00000194a009dc60 JavaThread "Unconstrained build operations Thread 19" [_thread_blocked, id=13488, stack(0x0000008c7ce00000,0x0000008c7cf00000)]
  0x00000194a009fac0 JavaThread "Unconstrained build operations Thread 20" [_thread_blocked, id=9864, stack(0x0000008c7cf00000,0x0000008c7d000000)]
  0x00000194a009d240 JavaThread "Unconstrained build operations Thread 21" [_thread_blocked, id=10480, stack(0x0000008c78200000,0x0000008c78300000)]
  0x00000194a009e170 JavaThread "Unconstrained build operations Thread 22" [_thread_blocked, id=6436, stack(0x0000008c78300000,0x0000008c78400000)]
  0x00000194a009d750 JavaThread "Unconstrained build operations Thread 23" [_thread_blocked, id=9560, stack(0x0000008c7d000000,0x0000008c7d100000)]
  0x00000194a009f5b0 JavaThread "Unconstrained build operations Thread 24" [_thread_blocked, id=6460, stack(0x0000008c7d100000,0x0000008c7d200000)]
  0x00000194a052f8f0 JavaThread "Unconstrained build operations Thread 25" [_thread_blocked, id=1464, stack(0x0000008c7d200000,0x0000008c7d300000)]
  0x00000194a052d580 JavaThread "Unconstrained build operations Thread 26" [_thread_blocked, id=10604, stack(0x0000008c7d300000,0x0000008c7d400000)]
  0x00000194a052da90 JavaThread "Unconstrained build operations Thread 27" [_thread_blocked, id=12152, stack(0x0000008c7d400000,0x0000008c7d500000)]
  0x00000194a052eed0 JavaThread "Unconstrained build operations Thread 28" [_thread_blocked, id=14232, stack(0x0000008c7d500000,0x0000008c7d600000)]
  0x00000194a052f3e0 JavaThread "Unconstrained build operations Thread 29" [_thread_blocked, id=2988, stack(0x0000008c7d600000,0x0000008c7d700000)]

Other Threads:
=>0x00000194fd962e80 VMThread "VM Thread" [stack: 0x0000008c78b00000,0x0000008c78c00000] [id=13560]
  0x00000194e4ee1610 WatcherThread [stack: 0x0000008c79700000,0x0000008c79800000] [id=6840]
  0x00000194e4cde810 GCTaskThread "GC Thread#0" [stack: 0x0000008c78600000,0x0000008c78700000] [id=11488]
  0x00000194fdd20210 GCTaskThread "GC Thread#1" [stack: 0x0000008c79800000,0x0000008c79900000] [id=5688]
  0x00000194fdd204d0 GCTaskThread "GC Thread#2" [stack: 0x0000008c79900000,0x0000008c79a00000] [id=296]
  0x00000194fe552580 GCTaskThread "GC Thread#3" [stack: 0x0000008c79a00000,0x0000008c79b00000] [id=10588]
  0x00000194e4f4b4f0 ConcurrentGCThread "G1 Main Marker" [stack: 0x0000008c78700000,0x0000008c78800000] [id=8032]
  0x00000194e4f4be20 ConcurrentGCThread "G1 Conc#0" [stack: 0x0000008c78800000,0x0000008c78900000] [id=8956]
  0x00000194e4f86200 ConcurrentGCThread "G1 Refine#0" [stack: 0x0000008c78900000,0x0000008c78a00000] [id=11048]
  0x00000194fe1f43a0 ConcurrentGCThread "G1 Refine#1" [stack: 0x0000008c79b00000,0x0000008c79c00000] [id=3272]
  0x00000194e4f86b40 ConcurrentGCThread "G1 Service" [stack: 0x0000008c78a00000,0x0000008c78b00000] [id=9132]

Threads with active compile tasks:
C1 CompilerThread0   100129 11174       3       org.gradle.internal.ImmutableActionSet::mergeFrom (37 bytes)

VM state: at safepoint (normal execution)

VM Mutex/Monitor currently owned by a thread:  ([mutex/lock_event])
[0x00000194e4edb870] Threads_lock - owner thread: 0x00000194fd962e80
[0x00000194e4edbea0] Heap_lock - owner thread: 0x00000194fdee3510

Heap address: 0x0000000080000000, size: 2048 MB, Compressed Oops mode: 32-bit

CDS archive(s) mapped at: [0x0000019480000000-0x0000019480bb0000-0x0000019480bb0000), size 12255232, SharedBaseAddress: 0x0000019480000000, ArchiveRelocationMode: 1.
Compressed class space mapped at: 0x0000019481000000-0x000001949b000000, reserved size: 436207616
Narrow klass base: 0x0000019480000000, Narrow klass shift: 0, Narrow klass range: 0x100000000

GC Precious Log:
 CPUs: 4 total, 4 available
 Memory: 3526M
 Large Page Support: Disabled
 NUMA Support: Disabled
 Compressed Oops: Enabled (32-bit)
 Heap Region Size: 1M
 Heap Min Capacity: 8M
 Heap Initial Capacity: 56M
 Heap Max Capacity: 2G
 Pre-touch: Disabled
 Parallel Workers: 4
 Concurrent Workers: 1
 Concurrent Refinement Workers: 4
 Periodic GC: Disabled

Heap:
 garbage-first heap   total 148480K, used 99368K [0x0000000080000000, 0x0000000100000000)
  region size 1024K, 3 young (3072K), 3 survivors (3072K)
 Metaspace       used 84892K, committed 85696K, reserved 557056K
  class space    used 12202K, committed 12608K, reserved 425984K

Heap Regions: E=young(eden), S=young(survivor), O=old, HS=humongous(starts), HC=humongous(continues), CS=collection set, F=free, OA=open archive, CA=closed archive, TAMS=top-at-mark-start (previous, next)
|   0|0x0000000080000000, 0x0000000080100000, 0x0000000080100000|100%|HS|  |TAMS 0x0000000080100000, 0x0000000080000000| Complete 
|   1|0x0000000080100000, 0x0000000080200000, 0x0000000080200000|100%|HC|  |TAMS 0x0000000080200000, 0x0000000080100000| Complete 
|   2|0x0000000080200000, 0x0000000080300000, 0x0000000080300000|100%|HC|  |TAMS 0x0000000080300000, 0x0000000080200000| Complete 
|   3|0x0000000080300000, 0x0000000080400000, 0x0000000080400000|100%| O|  |TAMS 0x0000000080400000, 0x0000000080300000| Untracked 
|   4|0x0000000080400000, 0x0000000080500000, 0x0000000080500000|100%| O|  |TAMS 0x0000000080500000, 0x0000000080400000| Untracked 
|   5|0x0000000080500000, 0x0000000080600000, 0x0000000080600000|100%| O|  |TAMS 0x0000000080600000, 0x0000000080500000| Untracked 
|   6|0x0000000080600000, 0x0000000080700000, 0x0000000080700000|100%| O|  |TAMS 0x0000000080700000, 0x0000000080600000| Untracked 
|   7|0x0000000080700000, 0x0000000080800000, 0x0000000080800000|100%| O|  |TAMS 0x0000000080800000, 0x0000000080700000| Untracked 
|   8|0x0000000080800000, 0x0000000080900000, 0x0000000080900000|100%|HS|  |TAMS 0x0000000080900000, 0x0000000080800000| Complete 
|   9|0x0000000080900000, 0x0000000080a00000, 0x0000000080a00000|100%| O|  |TAMS 0x0000000080a00000, 0x0000000080900000| Untracked 
|  10|0x0000000080a00000, 0x0000000080b00000, 0x0000000080b00000|100%| O|  |TAMS 0x0000000080b00000, 0x0000000080a00000| Untracked 
|  11|0x0000000080b00000, 0x0000000080c00000, 0x0000000080c00000|100%| O|  |TAMS 0x0000000080c00000, 0x0000000080b00000| Untracked 
|  12|0x0000000080c00000, 0x0000000080d00000, 0x0000000080d00000|100%| O|  |TAMS 0x0000000080d00000, 0x0000000080c00000| Untracked 
|  13|0x0000000080d00000, 0x0000000080e00000, 0x0000000080e00000|100%| O|  |TAMS 0x0000000080e00000, 0x0000000080d00000| Untracked 
|  14|0x0000000080e00000, 0x0000000080f00000, 0x0000000080f00000|100%| O|  |TAMS 0x0000000080f00000, 0x0000000080e00000| Untracked 
|  15|0x0000000080f00000, 0x0000000081000000, 0x0000000081000000|100%| O|  |TAMS 0x0000000081000000, 0x0000000080f00000| Untracked 
|  16|0x0000000081000000, 0x0000000081100000, 0x0000000081100000|100%| O|  |TAMS 0x0000000081100000, 0x0000000081000000| Untracked 
|  17|0x0000000081100000, 0x0000000081200000, 0x0000000081200000|100%| O|  |TAMS 0x0000000081200000, 0x0000000081100000| Untracked 
|  18|0x0000000081200000, 0x0000000081300000, 0x0000000081300000|100%| O|  |TAMS 0x0000000081300000, 0x0000000081200000| Untracked 
|  19|0x0000000081300000, 0x0000000081400000, 0x0000000081400000|100%| O|  |TAMS 0x0000000081400000, 0x0000000081300000| Untracked 
|  20|0x0000000081400000, 0x0000000081500000, 0x0000000081500000|100%| O|  |TAMS 0x0000000081500000, 0x0000000081400000| Untracked 
|  21|0x0000000081500000, 0x0000000081600000, 0x0000000081600000|100%| O|  |TAMS 0x0000000081600000, 0x0000000081500000| Untracked 
|  22|0x0000000081600000, 0x0000000081700000, 0x0000000081700000|100%| O|  |TAMS 0x0000000081700000, 0x0000000081600000| Untracked 
|  23|0x0000000081700000, 0x0000000081800000, 0x0000000081800000|100%| O|  |TAMS 0x0000000081800000, 0x0000000081700000| Untracked 
|  24|0x0000000081800000, 0x0000000081900000, 0x0000000081900000|100%| O|  |TAMS 0x0000000081900000, 0x0000000081800000| Untracked 
|  25|0x0000000081900000, 0x0000000081a00000, 0x0000000081a00000|100%| O|  |TAMS 0x0000000081a00000, 0x0000000081900000| Untracked 
|  26|0x0000000081a00000, 0x0000000081b00000, 0x0000000081b00000|100%|HS|  |TAMS 0x0000000081b00000, 0x0000000081a00000| Complete 
|  27|0x0000000081b00000, 0x0000000081c00000, 0x0000000081c00000|100%| O|  |TAMS 0x0000000081c00000, 0x0000000081b00000| Untracked 
|  28|0x0000000081c00000, 0x0000000081d00000, 0x0000000081d00000|100%| O|  |TAMS 0x0000000081d00000, 0x0000000081c00000| Untracked 
|  29|0x0000000081d00000, 0x0000000081e00000, 0x0000000081e00000|100%| O|  |TAMS 0x0000000081e00000, 0x0000000081d00000| Untracked 
|  30|0x0000000081e00000, 0x0000000081f00000, 0x0000000081f00000|100%| O|  |TAMS 0x0000000081f00000, 0x0000000081e00000| Untracked 
|  31|0x0000000081f00000, 0x0000000082000000, 0x0000000082000000|100%| O|  |TAMS 0x0000000082000000, 0x0000000081f00000| Untracked 
|  32|0x0000000082000000, 0x0000000082100000, 0x0000000082100000|100%| O|  |TAMS 0x0000000082100000, 0x0000000082000000| Untracked 
|  33|0x0000000082100000, 0x0000000082200000, 0x0000000082200000|100%| O|  |TAMS 0x0000000082200000, 0x0000000082100000| Untracked 
|  34|0x0000000082200000, 0x0000000082300000, 0x0000000082300000|100%| O|  |TAMS 0x0000000082300000, 0x0000000082200000| Untracked 
|  35|0x0000000082300000, 0x0000000082400000, 0x0000000082400000|100%| O|  |TAMS 0x0000000082400000, 0x0000000082300000| Untracked 
|  36|0x0000000082400000, 0x0000000082500000, 0x0000000082500000|100%| O|  |TAMS 0x0000000082500000, 0x0000000082400000| Untracked 
|  37|0x0000000082500000, 0x0000000082600000, 0x0000000082600000|100%|HS|  |TAMS 0x0000000082600000, 0x0000000082500000| Complete 
|  38|0x0000000082600000, 0x0000000082700000, 0x0000000082700000|100%|HC|  |TAMS 0x0000000082700000, 0x0000000082600000| Complete 
|  39|0x0000000082700000, 0x0000000082800000, 0x0000000082800000|100%|HS|  |TAMS 0x0000000082800000, 0x0000000082700000| Complete 
|  40|0x0000000082800000, 0x0000000082900000, 0x0000000082900000|100%|HC|  |TAMS 0x0000000082900000, 0x0000000082800000| Complete 
|  41|0x0000000082900000, 0x0000000082a00000, 0x0000000082a00000|100%|HS|  |TAMS 0x0000000082a00000, 0x0000000082900000| Complete 
|  42|0x0000000082a00000, 0x0000000082b00000, 0x0000000082b00000|100%|HC|  |TAMS 0x0000000082b00000, 0x0000000082a00000| Complete 
|  43|0x0000000082b00000, 0x0000000082c00000, 0x0000000082c00000|100%|HC|  |TAMS 0x0000000082c00000, 0x0000000082b00000| Complete 
|  44|0x0000000082c00000, 0x0000000082d00000, 0x0000000082d00000|100%| O|  |TAMS 0x0000000082d00000, 0x0000000082c00000| Untracked 
|  45|0x0000000082d00000, 0x0000000082e00000, 0x0000000082e00000|100%| O|  |TAMS 0x0000000082e00000, 0x0000000082d00000| Untracked 
|  46|0x0000000082e00000, 0x0000000082f00000, 0x0000000082f00000|100%| O|  |TAMS 0x0000000082f00000, 0x0000000082e00000| Untracked 
|  47|0x0000000082f00000, 0x0000000083000000, 0x0000000083000000|100%| O|  |TAMS 0x0000000083000000, 0x0000000082f00000| Untracked 
|  48|0x0000000083000000, 0x0000000083100000, 0x0000000083100000|100%|HS|  |TAMS 0x0000000083100000, 0x0000000083000000| Complete 
|  49|0x0000000083100000, 0x0000000083200000, 0x0000000083200000|100%|HC|  |TAMS 0x0000000083200000, 0x0000000083100000| Complete 
|  50|0x0000000083200000, 0x0000000083300000, 0x0000000083300000|100%|HC|  |TAMS 0x0000000083300000, 0x0000000083200000| Complete 
|  51|0x0000000083300000, 0x0000000083400000, 0x0000000083400000|100%| O|  |TAMS 0x0000000083400000, 0x0000000083300000| Untracked 
|  52|0x0000000083400000, 0x0000000083500000, 0x0000000083500000|100%| O|  |TAMS 0x0000000083500000, 0x0000000083400000| Untracked 
|  53|0x0000000083500000, 0x0000000083600000, 0x0000000083600000|100%| O|  |TAMS 0x0000000083600000, 0x0000000083500000| Untracked 
|  54|0x0000000083600000, 0x0000000083700000, 0x0000000083700000|100%| O|  |TAMS 0x0000000083700000, 0x0000000083600000| Untracked 
|  55|0x0000000083700000, 0x0000000083800000, 0x0000000083800000|100%| O|  |TAMS 0x0000000083800000, 0x0000000083700000| Untracked 
|  56|0x0000000083800000, 0x0000000083900000, 0x0000000083900000|100%| O|  |TAMS 0x0000000083900000, 0x0000000083800000| Untracked 
|  57|0x0000000083900000, 0x0000000083a00000, 0x0000000083a00000|100%| O|  |TAMS 0x0000000083a00000, 0x0000000083900000| Untracked 
|  58|0x0000000083a00000, 0x0000000083b00000, 0x0000000083b00000|100%| O|  |TAMS 0x0000000083b00000, 0x0000000083a00000| Untracked 
|  59|0x0000000083b00000, 0x0000000083c00000, 0x0000000083c00000|100%| O|  |TAMS 0x0000000083c00000, 0x0000000083b00000| Untracked 
|  60|0x0000000083c00000, 0x0000000083d00000, 0x0000000083d00000|100%| O|  |TAMS 0x0000000083d00000, 0x0000000083c00000| Untracked 
|  61|0x0000000083d00000, 0x0000000083e00000, 0x0000000083e00000|100%| O|  |TAMS 0x0000000083e00000, 0x0000000083d00000| Untracked 
|  62|0x0000000083e00000, 0x0000000083f00000, 0x0000000083f00000|100%| O|  |TAMS 0x0000000083f00000, 0x0000000083e00000| Untracked 
|  63|0x0000000083f00000, 0x0000000084000000, 0x0000000084000000|100%| O|  |TAMS 0x0000000084000000, 0x0000000083f00000| Untracked 
|  64|0x0000000084000000, 0x0000000084100000, 0x0000000084100000|100%| O|  |TAMS 0x0000000084100000, 0x0000000084000000| Untracked 
|  65|0x0000000084100000, 0x0000000084200000, 0x0000000084200000|100%| O|  |TAMS 0x0000000084200000, 0x0000000084100000| Untracked 
|  66|0x0000000084200000, 0x0000000084300000, 0x0000000084300000|100%| O|  |TAMS 0x0000000084300000, 0x0000000084200000| Untracked 
|  67|0x0000000084300000, 0x0000000084400000, 0x0000000084400000|100%| O|  |TAMS 0x0000000084400000, 0x0000000084300000| Untracked 
|  68|0x0000000084400000, 0x0000000084500000, 0x0000000084500000|100%| O|  |TAMS 0x0000000084500000, 0x0000000084400000| Untracked 
|  69|0x0000000084500000, 0x0000000084600000, 0x0000000084600000|100%| O|  |TAMS 0x0000000084600000, 0x0000000084500000| Untracked 
|  70|0x0000000084600000, 0x0000000084700000, 0x0000000084700000|100%| O|  |TAMS 0x0000000084700000, 0x0000000084600000| Untracked 
|  71|0x0000000084700000, 0x0000000084800000, 0x0000000084800000|100%| O|  |TAMS 0x0000000084700000, 0x0000000084700000| Untracked 
|  72|0x0000000084800000, 0x0000000084900000, 0x0000000084900000|100%|HS|  |TAMS 0x0000000084900000, 0x0000000084800000| Complete 
|  73|0x0000000084900000, 0x0000000084a00000, 0x0000000084a00000|100%|HS|  |TAMS 0x0000000084a00000, 0x0000000084900000| Complete 
|  74|0x0000000084a00000, 0x0000000084b00000, 0x0000000084b00000|100%|HC|  |TAMS 0x0000000084b00000, 0x0000000084a00000| Complete 
|  75|0x0000000084b00000, 0x0000000084c00000, 0x0000000084c00000|100%|HS|  |TAMS 0x0000000084c00000, 0x0000000084b00000| Complete 
|  76|0x0000000084c00000, 0x0000000084d00000, 0x0000000084d00000|100%|HS|  |TAMS 0x0000000084d00000, 0x0000000084c00000| Complete 
|  77|0x0000000084d00000, 0x0000000084e00000, 0x0000000084e00000|100%|HS|  |TAMS 0x0000000084d00000, 0x0000000084d00000| Complete 
|  78|0x0000000084e00000, 0x0000000084f00000, 0x0000000084f00000|100%| O|  |TAMS 0x0000000084e00000, 0x0000000084e00000| Untracked 
|  79|0x0000000084f00000, 0x0000000085000000, 0x0000000085000000|100%| O|  |TAMS 0x0000000084f00000, 0x0000000084f00000| Untracked 
|  80|0x0000000085000000, 0x0000000085100000, 0x0000000085100000|100%|HS|  |TAMS 0x0000000085000000, 0x0000000085000000| Complete 
|  81|0x0000000085100000, 0x0000000085200000, 0x0000000085200000|100%|HC|  |TAMS 0x0000000085100000, 0x0000000085100000| Complete 
|  82|0x0000000085200000, 0x0000000085300000, 0x0000000085300000|100%| O|  |TAMS 0x0000000085200000, 0x0000000085200000| Untracked 
|  83|0x0000000085300000, 0x0000000085400000, 0x0000000085400000|100%| O|  |TAMS 0x0000000085300000, 0x0000000085300000| Untracked 
|  84|0x0000000085400000, 0x0000000085500000, 0x0000000085500000|100%| O|  |TAMS 0x0000000085400000, 0x0000000085400000| Untracked 
|  85|0x0000000085500000, 0x0000000085600000, 0x0000000085600000|100%|HS|  |TAMS 0x0000000085500000, 0x0000000085500000| Complete 
|  86|0x0000000085600000, 0x0000000085700000, 0x0000000085700000|100%| O|  |TAMS 0x0000000085600000, 0x0000000085600000| Untracked 
|  87|0x0000000085700000, 0x0000000085800000, 0x0000000085800000|100%| O|  |TAMS 0x0000000085700000, 0x0000000085700000| Untracked 
|  88|0x0000000085800000, 0x0000000085900000, 0x0000000085900000|100%| O|  |TAMS 0x0000000085800000, 0x0000000085800000| Untracked 
|  89|0x0000000085900000, 0x0000000085a00000, 0x0000000085a00000|100%| O|  |TAMS 0x0000000085900000, 0x0000000085900000| Untracked 
|  90|0x0000000085a00000, 0x0000000085b00000, 0x0000000085b00000|100%| O|  |TAMS 0x0000000085a00000, 0x0000000085a00000| Untracked 
|  91|0x0000000085b00000, 0x0000000085c00000, 0x0000000085c00000|100%| O|  |TAMS 0x0000000085b00000, 0x0000000085b00000| Untracked 
|  92|0x0000000085c00000, 0x0000000085d00000, 0x0000000085d00000|100%|HS|  |TAMS 0x0000000085c00000, 0x0000000085c00000| Complete 
|  93|0x0000000085d00000, 0x0000000085e00000, 0x0000000085e00000|100%| O|  |TAMS 0x0000000085d00000, 0x0000000085d00000| Untracked 
|  94|0x0000000085e00000, 0x0000000085e74600, 0x0000000085f00000| 45%| O|  |TAMS 0x0000000085e00000, 0x0000000085e00000| Untracked 
|  95|0x0000000085f00000, 0x0000000085f00000, 0x0000000086000000|  0%| F|  |TAMS 0x0000000085f00000, 0x0000000085f00000| Untracked 
|  96|0x0000000086000000, 0x0000000086000000, 0x0000000086100000|  0%| F|  |TAMS 0x0000000086000000, 0x0000000086000000| Untracked 
|  97|0x0000000086100000, 0x0000000086100000, 0x0000000086200000|  0%| F|  |TAMS 0x0000000086100000, 0x0000000086100000| Untracked 
|  98|0x0000000086200000, 0x0000000086200000, 0x0000000086300000|  0%| F|  |TAMS 0x0000000086200000, 0x0000000086200000| Untracked 
|  99|0x0000000086300000, 0x0000000086300000, 0x0000000086400000|  0%| F|  |TAMS 0x0000000086300000, 0x0000000086300000| Untracked 
| 100|0x0000000086400000, 0x0000000086400000, 0x0000000086500000|  0%| F|  |TAMS 0x0000000086400000, 0x0000000086400000| Untracked 
| 101|0x0000000086500000, 0x0000000086500000, 0x0000000086600000|  0%| F|  |TAMS 0x0000000086500000, 0x0000000086500000| Untracked 
| 102|0x0000000086600000, 0x0000000086600000, 0x0000000086700000|  0%| F|  |TAMS 0x0000000086600000, 0x0000000086600000| Untracked 
| 103|0x0000000086700000, 0x0000000086700000, 0x0000000086800000|  0%| F|  |TAMS 0x0000000086700000, 0x0000000086700000| Untracked 
| 104|0x0000000086800000, 0x0000000086800000, 0x0000000086900000|  0%| F|  |TAMS 0x0000000086800000, 0x0000000086800000| Untracked 
| 105|0x0000000086900000, 0x0000000086900000, 0x0000000086a00000|  0%| F|  |TAMS 0x0000000086900000, 0x0000000086900000| Untracked 
| 106|0x0000000086a00000, 0x0000000086a00000, 0x0000000086b00000|  0%| F|  |TAMS 0x0000000086a00000, 0x0000000086a00000| Untracked 
| 107|0x0000000086b00000, 0x0000000086b00000, 0x0000000086c00000|  0%| F|  |TAMS 0x0000000086b00000, 0x0000000086b00000| Untracked 
| 108|0x0000000086c00000, 0x0000000086c00000, 0x0000000086d00000|  0%| F|  |TAMS 0x0000000086c00000, 0x0000000086c00000| Untracked 
| 109|0x0000000086d00000, 0x0000000086d00000, 0x0000000086e00000|  0%| F|  |TAMS 0x0000000086d00000, 0x0000000086d00000| Untracked 
| 110|0x0000000086e00000, 0x0000000086e00000, 0x0000000086f00000|  0%| F|  |TAMS 0x0000000086e00000, 0x0000000086e00000| Untracked 
| 111|0x0000000086f00000, 0x0000000086f00000, 0x0000000087000000|  0%| F|  |TAMS 0x0000000086f00000, 0x0000000086f00000| Untracked 
| 112|0x0000000087000000, 0x0000000087000000, 0x0000000087100000|  0%| F|  |TAMS 0x0000000087000000, 0x0000000087000000| Untracked 
| 113|0x0000000087100000, 0x0000000087100000, 0x0000000087200000|  0%| F|  |TAMS 0x0000000087100000, 0x0000000087100000| Untracked 
| 114|0x0000000087200000, 0x0000000087295ae0, 0x0000000087300000| 58%| S|CS|TAMS 0x0000000087200000, 0x0000000087200000| Complete 
| 115|0x0000000087300000, 0x0000000087400000, 0x0000000087400000|100%| S|CS|TAMS 0x0000000087300000, 0x0000000087300000| Complete 
| 116|0x0000000087400000, 0x0000000087400000, 0x0000000087500000|  0%| F|  |TAMS 0x0000000087400000, 0x0000000087400000| Untracked 
| 117|0x0000000087500000, 0x0000000087500000, 0x0000000087600000|  0%| F|  |TAMS 0x0000000087500000, 0x0000000087500000| Untracked 
| 118|0x0000000087600000, 0x0000000087700000, 0x0000000087700000|100%| S|CS|TAMS 0x0000000087600000, 0x0000000087600000| Complete 
| 119|0x0000000087700000, 0x0000000087700000, 0x0000000087800000|  0%| F|  |TAMS 0x0000000087700000, 0x0000000087700000| Untracked 
| 120|0x0000000087800000, 0x0000000087800000, 0x0000000087900000|  0%| F|  |TAMS 0x0000000087800000, 0x0000000087800000| Untracked 
| 121|0x0000000087900000, 0x0000000087900000, 0x0000000087a00000|  0%| F|  |TAMS 0x0000000087900000, 0x0000000087900000| Untracked 
| 122|0x0000000087a00000, 0x0000000087a00000, 0x0000000087b00000|  0%| F|  |TAMS 0x0000000087a00000, 0x0000000087a00000| Untracked 
| 123|0x0000000087b00000, 0x0000000087b00000, 0x0000000087c00000|  0%| F|  |TAMS 0x0000000087b00000, 0x0000000087b00000| Untracked 
| 124|0x0000000087c00000, 0x0000000087c00000, 0x0000000087d00000|  0%| F|  |TAMS 0x0000000087c00000, 0x0000000087c00000| Untracked 
| 125|0x0000000087d00000, 0x0000000087d00000, 0x0000000087e00000|  0%| F|  |TAMS 0x0000000087d00000, 0x0000000087d00000| Untracked 
| 126|0x0000000087e00000, 0x0000000087e00000, 0x0000000087f00000|  0%| F|  |TAMS 0x0000000087e00000, 0x0000000087e00000| Untracked 
| 127|0x0000000087f00000, 0x0000000087f00000, 0x0000000088000000|  0%| F|  |TAMS 0x0000000087f00000, 0x0000000087f00000| Untracked 
| 128|0x0000000088000000, 0x0000000088000000, 0x0000000088100000|  0%| F|  |TAMS 0x0000000088000000, 0x0000000088000000| Untracked 
| 129|0x0000000088100000, 0x0000000088100000, 0x0000000088200000|  0%| F|  |TAMS 0x0000000088100000, 0x0000000088100000| Untracked 
| 130|0x0000000088200000, 0x0000000088200000, 0x0000000088300000|  0%| F|  |TAMS 0x0000000088200000, 0x0000000088200000| Untracked 
| 131|0x0000000088300000, 0x0000000088300000, 0x0000000088400000|  0%| F|  |TAMS 0x0000000088300000, 0x0000000088300000| Untracked 
| 132|0x0000000088400000, 0x0000000088400000, 0x0000000088500000|  0%| F|  |TAMS 0x0000000088400000, 0x0000000088400000| Untracked 
| 133|0x0000000088500000, 0x0000000088500000, 0x0000000088600000|  0%| F|  |TAMS 0x0000000088500000, 0x0000000088500000| Untracked 
| 134|0x0000000088600000, 0x0000000088600000, 0x0000000088700000|  0%| F|  |TAMS 0x0000000088600000, 0x0000000088600000| Untracked 
| 135|0x0000000088700000, 0x0000000088700000, 0x0000000088800000|  0%| F|  |TAMS 0x0000000088700000, 0x0000000088700000| Untracked 
| 136|0x0000000088800000, 0x0000000088800000, 0x0000000088900000|  0%| F|  |TAMS 0x0000000088800000, 0x0000000088800000| Untracked 
| 137|0x0000000088900000, 0x0000000088900000, 0x0000000088a00000|  0%| F|  |TAMS 0x0000000088900000, 0x0000000088900000| Untracked 
| 138|0x0000000088a00000, 0x0000000088a00000, 0x0000000088b00000|  0%| F|  |TAMS 0x0000000088a00000, 0x0000000088a00000| Untracked 
| 139|0x0000000088b00000, 0x0000000088b00000, 0x0000000088c00000|  0%| F|  |TAMS 0x0000000088b00000, 0x0000000088b00000| Untracked 
| 140|0x0000000088c00000, 0x0000000088c00000, 0x0000000088d00000|  0%| F|  |TAMS 0x0000000088c00000, 0x0000000088c00000| Untracked 
| 141|0x0000000088d00000, 0x0000000088d00000, 0x0000000088e00000|  0%| F|  |TAMS 0x0000000088d00000, 0x0000000088d00000| Untracked 
| 142|0x0000000088e00000, 0x0000000088e00000, 0x0000000088f00000|  0%| F|  |TAMS 0x0000000088e00000, 0x0000000088e00000| Untracked 
| 143|0x0000000088f00000, 0x0000000088f00000, 0x0000000089000000|  0%| F|  |TAMS 0x0000000088f00000, 0x0000000088f00000| Untracked 
| 144|0x0000000089000000, 0x0000000089000000, 0x0000000089100000|  0%| F|  |TAMS 0x0000000089000000, 0x0000000089000000| Untracked 

Card table byte_map: [0x00000194f6bd0000,0x00000194f6fd0000] _byte_map_base: 0x00000194f67d0000

Marking Bits (Prev, Next): (CMBitMap*) 0x00000194e4f3ae00, (CMBitMap*) 0x00000194e4f3ae40
 Prev Bits: [0x00000194f73d0000, 0x00000194f93d0000)
 Next Bits: [0x00000194f93d0000, 0x00000194fb3d0000)

Polling page: 0x00000194e4f90000

Metaspace:

Usage:
  Non-class:     70.99 MB used.
      Class:     11.92 MB used.
       Both:     82.90 MB used.

Virtual space:
  Non-class space:      128.00 MB reserved,      71.38 MB ( 56%) committed,  2 nodes.
      Class space:      416.00 MB reserved,      12.31 MB (  3%) committed,  1 nodes.
             Both:      544.00 MB reserved,      83.69 MB ( 15%) committed. 

Chunk freelists:
   Non-Class:  7.72 MB
       Class:  3.61 MB
        Both:  11.33 MB

MaxMetaspaceSize: 512.00 MB
CompressedClassSpaceSize: 416.00 MB
Initial GC threshold: 21.00 MB
Current GC threshold: 121.56 MB
CDS: on
MetaspaceReclaimPolicy: balanced
 - commit_granule_bytes: 65536.
 - commit_granule_words: 8192.
 - virtual_space_node_default_size: 8388608.
 - enlarge_chunks_in_place: 1.
 - new_chunks_are_fully_committed: 0.
 - uncommit_free_chunks: 1.
 - use_allocation_guard: 0.
 - handle_deallocations: 1.


Internal statistics:

num_allocs_failed_limit: 6.
num_arena_births: 1032.
num_arena_deaths: 0.
num_vsnodes_births: 3.
num_vsnodes_deaths: 0.
num_space_committed: 1339.
num_space_uncommitted: 0.
num_chunks_returned_to_freelist: 6.
num_chunks_taken_from_freelist: 4607.
num_chunk_merges: 6.
num_chunk_splits: 3045.
num_chunks_enlarged: 2035.
num_inconsistent_stats: 0.

CodeCache: size=131072Kb used=25876Kb max_used=25876Kb free=105195Kb
 bounds [0x00000194ee390000, 0x00000194efce0000, 0x00000194f6390000]
 total_blobs=10243 nmethods=9313 adapters=842
 compilation: enabled
              stopped_count=0, restarted_count=0
 full_count=0

Compilation events (20 events):
Event: 97.575 Thread 0x00000194fd9f4400 nmethod 11164 0x00000194efccf610 code [0x00000194efccf7c0, 0x00000194efccfb58]
Event: 97.581 Thread 0x00000194fd9f4400 11165       3       org.apache.commons.lang.StringUtils::containsAny (128 bytes)
Event: 97.584 Thread 0x00000194fd9f4400 nmethod 11165 0x00000194efccfc90 code [0x00000194efccffa0, 0x00000194efcd1308]
Event: 97.584 Thread 0x00000194fd9f4400 11166       3       org.gradle.api.internal.file.AbstractFileCollection::<init> (9 bytes)
Event: 97.589 Thread 0x00000194fd9f4400 nmethod 11166 0x00000194efcd1b10 code [0x00000194efcd1cc0, 0x00000194efcd1fb8]
Event: 97.589 Thread 0x00000194fd9f4400 11167       3       org.gradle.api.tasks.util.internal.PatternSets::getNonCachingPatternSetFactory (4 bytes)
Event: 97.589 Thread 0x00000194fd9f4400 nmethod 11167 0x00000194efcd2110 code [0x00000194efcd22a0, 0x00000194efcd2398]
Event: 97.606 Thread 0x00000194fd9f4400 11168       1       org.gradle.api.internal.artifacts.configurations.DefaultConfiguration::getIncoming (5 bytes)
Event: 97.606 Thread 0x00000194fd9f4400 nmethod 11168 0x00000194efcd2410 code [0x00000194efcd25a0, 0x00000194efcd2678]
Event: 97.616 Thread 0x00000194fd9f4400 11169       3       kotlin.collections.ArraysKt___ArraysJvmKt::asList (17 bytes)
Event: 97.618 Thread 0x00000194fd9f4400 nmethod 11169 0x00000194efcd2710 code [0x00000194efcd2980, 0x00000194efcd33b8]
Event: 97.618 Thread 0x00000194fd9f4400 11170       3       kotlin.collections.ArraysUtilJVM::asList (5 bytes)
Event: 97.618 Thread 0x00000194fd9f4400 nmethod 11170 0x00000194efcd3790 code [0x00000194efcd3960, 0x00000194efcd3e48]
Event: 97.620 Thread 0x00000194fd9f4400 11171       1       org.gradle.api.internal.artifacts.configurations.DefaultConfiguration::getArtifacts (5 bytes)
Event: 97.620 Thread 0x00000194fd9f4400 nmethod 11171 0x00000194efcd4010 code [0x00000194efcd41a0, 0x00000194efcd4278]
Event: 97.755 Thread 0x00000194fd9f4400 11172       3       org.gradle.api.internal.DefaultNamedDomainObjectCollection::hasWithName (32 bytes)
Event: 97.756 Thread 0x00000194fd9f4400 nmethod 11172 0x00000194efcd4310 code [0x00000194efcd44c0, 0x00000194efcd47f8]
Event: 97.769 Thread 0x00000194fd9f4400 11173       3       java.lang.invoke.LambdaFormEditor$TransformKey::of (51 bytes)
Event: 97.770 Thread 0x00000194fd9f4400 nmethod 11173 0x00000194efcd4910 code [0x00000194efcd4b00, 0x00000194efcd50a8]
Event: 97.986 Thread 0x00000194fd9f4400 11174       3       org.gradle.internal.ImmutableActionSet::mergeFrom (37 bytes)

GC Heap History (20 events):
Event: 65.959 GC heap after
{Heap after GC invocations=40 (full 0):
 garbage-first heap   total 122880K, used 69937K [0x0000000080000000, 0x0000000100000000)
  region size 1024K, 1 young (1024K), 1 survivors (1024K)
 Metaspace       used 69287K, committed 70016K, reserved 491520K
  class space    used 9834K, committed 10176K, reserved 425984K
}
Event: 68.861 GC heap before
{Heap before GC invocations=40 (full 0):
 garbage-first heap   total 122880K, used 102705K [0x0000000080000000, 0x0000000100000000)
  region size 1024K, 34 young (34816K), 1 survivors (1024K)
 Metaspace       used 69298K, committed 70016K, reserved 491520K
  class space    used 9835K, committed 10176K, reserved 425984K
}
Event: 68.867 GC heap after
{Heap after GC invocations=41 (full 0):
 garbage-first heap   total 122880K, used 70818K [0x0000000080000000, 0x0000000100000000)
  region size 1024K, 2 young (2048K), 2 survivors (2048K)
 Metaspace       used 69298K, committed 70016K, reserved 491520K
  class space    used 9835K, committed 10176K, reserved 425984K
}
Event: 72.374 GC heap before
{Heap before GC invocations=42 (full 0):
 garbage-first heap   total 128000K, used 104610K [0x0000000080000000, 0x0000000100000000)
  region size 1024K, 35 young (35840K), 2 survivors (2048K)
 Metaspace       used 69978K, committed 70656K, reserved 491520K
  class space    used 9918K, committed 10240K, reserved 425984K
}
Event: 72.387 GC heap after
{Heap after GC invocations=43 (full 0):
 garbage-first heap   total 128000K, used 72720K [0x0000000080000000, 0x0000000100000000)
  region size 1024K, 4 young (4096K), 4 survivors (4096K)
 Metaspace       used 69978K, committed 70656K, reserved 491520K
  class space    used 9918K, committed 10240K, reserved 425984K
}
Event: 72.623 GC heap before
{Heap before GC invocations=43 (full 0):
 garbage-first heap   total 128000K, used 73744K [0x0000000080000000, 0x0000000100000000)
  region size 1024K, 6 young (6144K), 4 survivors (4096K)
 Metaspace       used 70007K, committed 70720K, reserved 491520K
  class space    used 9923K, committed 10240K, reserved 425984K
}
Event: 72.638 GC heap after
{Heap after GC invocations=44 (full 0):
 garbage-first heap   total 128000K, used 72751K [0x0000000080000000, 0x0000000100000000)
  region size 1024K, 1 young (1024K), 1 survivors (1024K)
 Metaspace       used 70007K, committed 70720K, reserved 491520K
  class space    used 9923K, committed 10240K, reserved 425984K
}
Event: 78.768 GC heap before
{Heap before GC invocations=44 (full 0):
 garbage-first heap   total 128000K, used 113711K [0x0000000080000000, 0x0000000100000000)
  region size 1024K, 35 young (35840K), 1 survivors (1024K)
 Metaspace       used 73612K, committed 74304K, reserved 491520K
  class space    used 10822K, committed 11136K, reserved 425984K
}
Event: 78.896 GC heap after
{Heap after GC invocations=45 (full 0):
 garbage-first heap   total 128000K, used 85210K [0x0000000080000000, 0x0000000100000000)
  region size 1024K, 5 young (5120K), 5 survivors (5120K)
 Metaspace       used 73612K, committed 74304K, reserved 491520K
  class space    used 10822K, committed 11136K, reserved 425984K
}
Event: 81.827 GC heap before
{Heap before GC invocations=46 (full 0):
 garbage-first heap   total 148480K, used 108762K [0x0000000080000000, 0x0000000100000000)
  region size 1024K, 27 young (27648K), 5 survivors (5120K)
 Metaspace       used 75431K, committed 76096K, reserved 491520K
  class space    used 11072K, committed 11392K, reserved 425984K
}
Event: 81.846 GC heap after
{Heap after GC invocations=47 (full 0):
 garbage-first heap   total 148480K, used 89425K [0x0000000080000000, 0x0000000100000000)
  region size 1024K, 2 young (2048K), 2 survivors (2048K)
 Metaspace       used 75431K, committed 76096K, reserved 491520K
  class space    used 11072K, committed 11392K, reserved 425984K
}
Event: 82.116 GC heap before
{Heap before GC invocations=47 (full 0):
 garbage-first heap   total 148480K, used 94545K [0x0000000080000000, 0x0000000100000000)
  region size 1024K, 7 young (7168K), 2 survivors (2048K)
 Metaspace       used 75721K, committed 76480K, reserved 491520K
  class space    used 11100K, committed 11456K, reserved 425984K
}
Event: 82.121 GC heap after
{Heap after GC invocations=48 (full 0):
 garbage-first heap   total 148480K, used 90660K [0x0000000080000000, 0x0000000100000000)
  region size 1024K, 1 young (1024K), 1 survivors (1024K)
 Metaspace       used 75721K, committed 76480K, reserved 491520K
  class space    used 11100K, committed 11456K, reserved 425984K
}
Event: 88.165 GC heap before
{Heap before GC invocations=48 (full 0):
 garbage-first heap   total 148480K, used 123428K [0x0000000080000000, 0x0000000100000000)
  region size 1024K, 33 young (33792K), 1 survivors (1024K)
 Metaspace       used 78592K, committed 79296K, reserved 557056K
  class space    used 11408K, committed 11776K, reserved 425984K
}
Event: 88.174 GC heap after
{Heap after GC invocations=49 (full 0):
 garbage-first heap   total 148480K, used 91346K [0x0000000080000000, 0x0000000100000000)
  region size 1024K, 2 young (2048K), 2 survivors (2048K)
 Metaspace       used 78592K, committed 79296K, reserved 557056K
  class space    used 11408K, committed 11776K, reserved 425984K
}
Event: 91.794 GC heap before
{Heap before GC invocations=49 (full 0):
 garbage-first heap   total 148480K, used 129234K [0x0000000080000000, 0x0000000100000000)
  region size 1024K, 34 young (34816K), 2 survivors (2048K)
 Metaspace       used 81143K, committed 81920K, reserved 557056K
  class space    used 11711K, committed 12096K, reserved 425984K
}
Event: 91.819 GC heap after
{Heap after GC invocations=50 (full 0):
 garbage-first heap   total 148480K, used 96487K [0x0000000080000000, 0x0000000100000000)
  region size 1024K, 5 young (5120K), 5 survivors (5120K)
 Metaspace       used 81143K, committed 81920K, reserved 557056K
  class space    used 11711K, committed 12096K, reserved 425984K
}
Event: 95.778 GC heap before
{Heap before GC invocations=50 (full 0):
 garbage-first heap   total 148480K, used 124135K [0x0000000080000000, 0x0000000100000000)
  region size 1024K, 32 young (32768K), 5 survivors (5120K)
 Metaspace       used 83116K, committed 83904K, reserved 557056K
  class space    used 11975K, committed 12352K, reserved 425984K
}
Event: 95.897 GC heap after
{Heap after GC invocations=51 (full 0):
 garbage-first heap   total 148480K, used 98072K [0x0000000080000000, 0x0000000100000000)
  region size 1024K, 2 young (2048K), 2 survivors (2048K)
 Metaspace       used 83116K, committed 83904K, reserved 557056K
  class space    used 11975K, committed 12352K, reserved 425984K
}
Event: 97.987 GC heap before
{Heap before GC invocations=51 (full 0):
 garbage-first heap   total 148480K, used 123672K [0x0000000080000000, 0x0000000100000000)
  region size 1024K, 28 young (28672K), 2 survivors (2048K)
 Metaspace       used 84892K, committed 85696K, reserved 557056K
  class space    used 12202K, committed 12608K, reserved 425984K
}

Dll operation events (16 events):
Event: 0.024 Loaded shared library C:\Program Files\Eclipse Adoptium\jdk-17.0.13.11-hotspot\bin\java.dll
Event: 0.064 Loaded shared library C:\Program Files\Eclipse Adoptium\jdk-17.0.13.11-hotspot\bin\jsvml.dll
Event: 0.570 Loaded shared library C:\Program Files\Eclipse Adoptium\jdk-17.0.13.11-hotspot\bin\zip.dll
Event: 0.576 Loaded shared library C:\Program Files\Eclipse Adoptium\jdk-17.0.13.11-hotspot\bin\instrument.dll
Event: 0.592 Loaded shared library C:\Program Files\Eclipse Adoptium\jdk-17.0.13.11-hotspot\bin\net.dll
Event: 0.597 Loaded shared library C:\Program Files\Eclipse Adoptium\jdk-17.0.13.11-hotspot\bin\nio.dll
Event: 0.602 Loaded shared library C:\Program Files\Eclipse Adoptium\jdk-17.0.13.11-hotspot\bin\zip.dll
Event: 1.679 Loaded shared library C:\Program Files\Eclipse Adoptium\jdk-17.0.13.11-hotspot\bin\jimage.dll
Event: 2.510 Loaded shared library C:\Program Files\Eclipse Adoptium\jdk-17.0.13.11-hotspot\bin\verify.dll
Event: 4.137 Loaded shared library C:\Users\HP\.gradle\native\1def1411415f61bf3af743bc5b6707747c0891f09f0c88961ee8f79bc544acac\windows-amd64\native-platform.dll
Event: 4.180 Loaded shared library C:\Users\HP\.gradle\native\0.2.5\x86_64-windows-gnu\gradle-fileevents.dll
Event: 12.025 Loaded shared library C:\Program Files\Eclipse Adoptium\jdk-17.0.13.11-hotspot\bin\management.dll
Event: 12.158 Loaded shared library C:\Program Files\Eclipse Adoptium\jdk-17.0.13.11-hotspot\bin\management_ext.dll
Event: 14.642 Loaded shared library C:\Program Files\Eclipse Adoptium\jdk-17.0.13.11-hotspot\bin\extnet.dll
Event: 16.172 Loaded shared library C:\Program Files\Eclipse Adoptium\jdk-17.0.13.11-hotspot\bin\sunmscapi.dll
Event: 17.680 Loaded shared library C:\Users\HP\AppData\Local\Temp\native-platform9031729114592745688dir\gradle-fileevents.dll

Deoptimization events (20 events):
Event: 97.129 Thread 0x00000194fdee2af0 Uncommon trap: trap_request=0xffffffde fr.pc=0x00000194eefb4eb8 relative=0x0000000000000378
Event: 97.129 Thread 0x00000194fdee2af0 Uncommon trap: reason=class_check action=maybe_recompile pc=0x00000194eefb4eb8 method=java.lang.StringConcatHelper.stringOf(Ljava/lang/Object;)Ljava/lang/String; @ 5 c2
Event: 97.129 Thread 0x00000194fdee2af0 DEOPT PACKING pc=0x00000194eefb4eb8 sp=0x0000008c7a2f3030
Event: 97.129 Thread 0x00000194fdee2af0 DEOPT UNPACKING pc=0x00000194ee3e69a3 sp=0x0000008c7a2f2f70 mode 2
Event: 97.231 Thread 0x00000194fdee2af0 Uncommon trap: trap_request=0xffffff45 fr.pc=0x00000194ef46fd28 relative=0x0000000000000128
Event: 97.231 Thread 0x00000194fdee2af0 Uncommon trap: reason=unstable_if action=reinterpret pc=0x00000194ef46fd28 method=org.objectweb.asm.ByteVector.putByteArray([BII)Lorg/objectweb/asm/ByteVector; @ 20 c2
Event: 97.232 Thread 0x00000194fdee2af0 DEOPT PACKING pc=0x00000194ef46fd28 sp=0x0000008c7a2f36a0
Event: 97.232 Thread 0x00000194fdee2af0 DEOPT UNPACKING pc=0x00000194ee3e69a3 sp=0x0000008c7a2f3670 mode 2
Event: 97.232 Thread 0x00000194fdee2af0 Uncommon trap: trap_request=0xffffff45 fr.pc=0x00000194efc722e0 relative=0x0000000000000500
Event: 97.232 Thread 0x00000194fdee2af0 Uncommon trap: reason=unstable_if action=reinterpret pc=0x00000194efc722e0 method=org.objectweb.asm.Label.put(Lorg/objectweb/asm/ByteVector;IZ)V @ 10 c2
Event: 97.232 Thread 0x00000194fdee2af0 DEOPT PACKING pc=0x00000194efc722e0 sp=0x0000008c7a2f3660
Event: 97.232 Thread 0x00000194fdee2af0 DEOPT UNPACKING pc=0x00000194ee3e69a3 sp=0x0000008c7a2f3670 mode 2
Event: 97.232 Thread 0x00000194fdee2af0 Uncommon trap: trap_request=0xffffff45 fr.pc=0x00000194efca958c relative=0x0000000000000a4c
Event: 97.232 Thread 0x00000194fdee2af0 Uncommon trap: reason=unstable_if action=reinterpret pc=0x00000194efca958c method=org.objectweb.asm.Label.resolve([BLorg/objectweb/asm/ByteVector;I)Z @ 81 c2
Event: 97.232 Thread 0x00000194fdee2af0 DEOPT PACKING pc=0x00000194efca958c sp=0x0000008c7a2f36d0
Event: 97.232 Thread 0x00000194fdee2af0 DEOPT UNPACKING pc=0x00000194ee3e69a3 sp=0x0000008c7a2f35f8 mode 2
Event: 97.237 Thread 0x00000194fdee2af0 Uncommon trap: trap_request=0xffffff45 fr.pc=0x00000194ef189adc relative=0x000000000000023c
Event: 97.237 Thread 0x00000194fdee2af0 Uncommon trap: reason=unstable_if action=reinterpret pc=0x00000194ef189adc method=org.objectweb.asm.Label.resolve([BLorg/objectweb/asm/ByteVector;I)Z @ 81 c2
Event: 97.237 Thread 0x00000194fdee2af0 DEOPT PACKING pc=0x00000194ef189adc sp=0x0000008c7a2f3650
Event: 97.237 Thread 0x00000194fdee2af0 DEOPT UNPACKING pc=0x00000194ee3e69a3 sp=0x0000008c7a2f35e0 mode 2

Classes loaded (20 events):
Event: 91.041 Loading class javax/crypto/SecretKey
Event: 91.041 Loading class javax/crypto/SecretKey done
Event: 91.042 Loading class java/util/Base64
Event: 91.043 Loading class java/util/Base64 done
Event: 91.043 Loading class java/util/Base64$Decoder
Event: 91.044 Loading class java/util/Base64$Decoder done
Event: 91.044 Loading class java/util/Base64$Encoder
Event: 91.045 Loading class java/util/Base64$Encoder done
Event: 91.046 Loading class java/util/jar/JarVerifier$VerifierStream
Event: 91.047 Loading class java/util/jar/JarVerifier$VerifierStream done
Event: 91.047 Loading class sun/security/util/ManifestEntryVerifier$SunProviderHolder
Event: 91.047 Loading class sun/security/util/ManifestEntryVerifier$SunProviderHolder done
Event: 91.571 Loading class java/security/KeyStore$ProtectionParameter
Event: 91.576 Loading class java/security/KeyStore$ProtectionParameter done
Event: 96.091 Loading class java/security/KeyStore
Event: 96.093 Loading class java/security/KeyStore done
Event: 96.094 Loading class java/security/KeyStore$1
Event: 96.095 Loading class java/security/KeyStore$1 done
Event: 96.954 Loading class javax/xml/stream/XMLStreamException
Event: 96.955 Loading class javax/xml/stream/XMLStreamException done

Classes unloaded (0 events):
No events

Classes redefined (0 events):
No events

Internal exceptions (20 events):
Event: 59.489 Thread 0x00000194a0099fa0 Exception <a 'sun/nio/fs/WindowsException'{0x0000000085b17f98}> (0x0000000085b17f98) 
thrown [s\src\hotspot\share\prims\jni.cpp, line 516]
Event: 59.491 Thread 0x00000194a0099fa0 Exception <a 'sun/nio/fs/WindowsException'{0x0000000085b1a678}> (0x0000000085b1a678) 
thrown [s\src\hotspot\share\prims\jni.cpp, line 516]
Event: 59.493 Thread 0x00000194a0099fa0 Exception <a 'sun/nio/fs/WindowsException'{0x0000000085b1c9a0}> (0x0000000085b1c9a0) 
thrown [s\src\hotspot\share\prims\jni.cpp, line 516]
Event: 59.516 Thread 0x00000194a009a9c0 Exception <a 'sun/nio/fs/WindowsException'{0x0000000085b657d8}> (0x0000000085b657d8) 
thrown [s\src\hotspot\share\prims\jni.cpp, line 516]
Event: 59.517 Thread 0x00000194a009a9c0 Exception <a 'sun/nio/fs/WindowsException'{0x0000000085b67b88}> (0x0000000085b67b88) 
thrown [s\src\hotspot\share\prims\jni.cpp, line 516]
Event: 59.518 Thread 0x00000194a009a9c0 Exception <a 'sun/nio/fs/WindowsException'{0x0000000085b69c00}> (0x0000000085b69c00) 
thrown [s\src\hotspot\share\prims\jni.cpp, line 516]
Event: 59.664 Thread 0x00000194fdee3510 Exception <a 'java/lang/NoSuchMethodError'{0x0000000085be1870}: static Lorg/gradle/internal/build/event/types/DefaultTaskSuccessResult;.<clinit>()V> (0x0000000085be1870) 
thrown [s\src\hotspot\share\prims\jni.cpp, line 1112]
Event: 63.933 Thread 0x00000194a052da90 Implicit null exception at 0x00000194efa0f064 to 0x00000194efa12ce4
Event: 77.018 Thread 0x00000194fdee2af0 Exception <a 'java/lang/NoSuchMethodError'{0x0000000086b23ad8}: 'java.lang.Object java.lang.invoke.DirectMethodHandle$Holder.invokeStaticInit(java.lang.Object, int)'> (0x0000000086b23ad8) 
thrown [s\src\hotspot\share\interpreter\linkResolver.cpp, line 759]
Event: 77.537 Thread 0x00000194fdee2af0 Implicit null exception at 0x00000194ef66b993 to 0x00000194ef66badc
Event: 79.697 Thread 0x00000194fdee2af0 Exception <a 'java/lang/NoSuchMethodError'{0x0000000088f2a3f0}: 'void java.lang.invoke.DirectMethodHandle$Holder.invokeStaticInit(java.lang.Object, java.lang.Object, java.lang.Object, java.lang.Object, java.lang.Object, java.lang.Object, java.lang.Object, int)'> (0x0000000088f2a3f0) 
thrown [s\src\hotspot\share\interpreter\linkResolver.cpp, line 759]
Event: 79.967 Thread 0x00000194fdee2af0 Exception <a 'sun/nio/fs/WindowsException'{0x0000000088da9d38}> (0x0000000088da9d38) 
thrown [s\src\hotspot\share\prims\jni.cpp, line 516]
Event: 79.969 Thread 0x00000194fdee2af0 Exception <a 'sun/nio/fs/WindowsException'{0x0000000088dabc60}> (0x0000000088dabc60) 
thrown [s\src\hotspot\share\prims\jni.cpp, line 516]
Event: 80.120 Thread 0x00000194fdee2af0 Exception <a 'sun/nio/fs/WindowsException'{0x0000000088ce17b8}> (0x0000000088ce17b8) 
thrown [s\src\hotspot\share\prims\jni.cpp, line 516]
Event: 80.950 Thread 0x00000194fdee2af0 Exception <a 'java/lang/ClassNotFoundException'{0x000000008886f0d0}: org/gradle/api/internal/plugins/DefaultObjectConfigurationActionBeanInfo> (0x000000008886f0d0) 
thrown [s\src\hotspot\share\classfile\systemDictionary.cpp, line 256]
Event: 80.953 Thread 0x00000194fdee2af0 Exception <a 'java/lang/ClassNotFoundException'{0x00000000888883f0}: org/gradle/api/internal/plugins/DefaultObjectConfigurationActionCustomizer> (0x00000000888883f0) 
thrown [s\src\hotspot\share\classfile\systemDictionary.cpp, line 256]
Event: 90.545 Thread 0x00000194fdee2af0 Implicit null exception at 0x00000194eed7bc8c to 0x00000194eed7bdbe
Event: 91.024 Thread 0x00000194fdee2af0 Implicit null exception at 0x00000194ef2e52ca to 0x00000194ef2e5b22
Event: 91.607 Thread 0x00000194fdee2af0 Exception <a 'sun/nio/fs/WindowsException'{0x000000008721f788}> (0x000000008721f788) 
thrown [s\src\hotspot\share\prims\jni.cpp, line 516]
Event: 97.231 Thread 0x00000194fdee2af0 Implicit null exception at 0x00000194ef46fc48 to 0x00000194ef46fd08

VM Operations (20 events):
Event: 90.653 Executing VM operation: HandshakeAllThreads done
Event: 90.657 Executing VM operation: HandshakeAllThreads
Event: 90.657 Executing VM operation: HandshakeAllThreads done
Event: 91.659 Executing VM operation: Cleanup
Event: 91.675 Executing VM operation: Cleanup done
Event: 91.794 Executing VM operation: G1CollectForAllocation
Event: 91.819 Executing VM operation: G1CollectForAllocation done
Event: 92.831 Executing VM operation: Cleanup
Event: 92.848 Executing VM operation: Cleanup done
Event: 93.853 Executing VM operation: Cleanup
Event: 93.854 Executing VM operation: Cleanup done
Event: 94.859 Executing VM operation: Cleanup
Event: 94.875 Executing VM operation: Cleanup done
Event: 95.778 Executing VM operation: G1CollectForAllocation
Event: 95.897 Executing VM operation: G1CollectForAllocation done
Event: 96.103 Executing VM operation: HandshakeAllThreads
Event: 96.104 Executing VM operation: HandshakeAllThreads done
Event: 97.108 Executing VM operation: Cleanup
Event: 97.108 Executing VM operation: Cleanup done
Event: 97.987 Executing VM operation: G1CollectForAllocation

Memory protections (0 events):
No events

Nmethod flushes (20 events):
Event: 77.557 Thread 0x00000194fda0f470 flushing  nmethod 0x00000194efa97890
Event: 77.558 Thread 0x00000194fda0f470 flushing  nmethod 0x00000194efab8a10
Event: 77.558 Thread 0x00000194fda0f470 flushing  nmethod 0x00000194efac0710
Event: 77.558 Thread 0x00000194fda0f470 flushing  nmethod 0x00000194efae2210
Event: 77.558 Thread 0x00000194fda0f470 flushing  nmethod 0x00000194efae2e10
Event: 77.558 Thread 0x00000194fda0f470 flushing  nmethod 0x00000194efb03c90
Event: 77.558 Thread 0x00000194fda0f470 flushing  nmethod 0x00000194efb98510
Event: 96.142 Thread 0x00000194fda0f470 flushing  nmethod 0x00000194ee645510
Event: 96.175 Thread 0x00000194fda0f470 flushing  nmethod 0x00000194ee881710
Event: 96.187 Thread 0x00000194fda0f470 flushing  nmethod 0x00000194ee9d6390
Event: 96.192 Thread 0x00000194fda0f470 flushing  nmethod 0x00000194eea5de10
Event: 96.214 Thread 0x00000194fda0f470 flushing  nmethod 0x00000194eebd8310
Event: 96.248 Thread 0x00000194fda0f470 flushing  nmethod 0x00000194eeece810
Event: 96.248 Thread 0x00000194fda0f470 flushing  nmethod 0x00000194eeecec90
Event: 96.261 Thread 0x00000194fda0f470 flushing  nmethod 0x00000194eeff1c10
Event: 96.261 Thread 0x00000194fda0f470 flushing  nmethod 0x00000194eeffac90
Event: 96.261 Thread 0x00000194fda0f470 flushing  nmethod 0x00000194eeffc110
Event: 96.293 Thread 0x00000194fda0f470 flushing  nmethod 0x00000194ef26ed10
Event: 96.350 Thread 0x00000194fda0f470 flushing  nmethod 0x00000194ef747890
Event: 96.401 Thread 0x00000194fda0f470 flushing osr nmethod 0x00000194efaaab10

Events (20 events):
Event: 56.754 Thread 0x00000194a0099fa0 Thread added: 0x00000194a0099a90
Event: 56.754 Thread 0x00000194a0099fa0 Thread added: 0x00000194a0098140
Event: 56.755 Thread 0x00000194a0099fa0 Thread added: 0x00000194a009be00
Event: 57.177 Thread 0x00000194a0099fa0 Thread added: 0x00000194a009c310
Event: 57.178 Thread 0x00000194a0099fa0 Thread added: 0x00000194a0098b60
Event: 57.179 Thread 0x00000194a0099fa0 Thread added: 0x00000194a009c820
Event: 57.376 Thread 0x00000194a0099fa0 Thread added: 0x00000194a009cd30
Event: 57.377 Thread 0x00000194a0099fa0 Thread added: 0x00000194a0099580
Event: 57.378 Thread 0x00000194a0099fa0 Thread added: 0x00000194a009e680
Event: 58.589 Thread 0x00000194a0099fa0 Thread added: 0x00000194a009dc60
Event: 58.591 Thread 0x00000194a0099fa0 Thread added: 0x00000194a009fac0
Event: 61.673 Thread 0x00000194fdee2af0 Thread added: 0x00000194a009d240
Event: 61.673 Thread 0x00000194fdee2af0 Thread added: 0x00000194a009e170
Event: 61.673 Thread 0x00000194fdee2af0 Thread added: 0x00000194a009d750
Event: 61.938 Thread 0x00000194fdee2af0 Thread added: 0x00000194a009f5b0
Event: 61.939 Thread 0x00000194fdee2af0 Thread added: 0x00000194a052f8f0
Event: 61.945 Thread 0x00000194fdee2af0 Thread added: 0x00000194a052d580
Event: 63.838 Thread 0x00000194fdee2af0 Thread added: 0x00000194a052da90
Event: 63.839 Thread 0x00000194fdee2af0 Thread added: 0x00000194a052eed0
Event: 63.843 Thread 0x00000194fdee2af0 Thread added: 0x00000194a052f3e0


Dynamic libraries:
0x00007ff6190f0000 - 0x00007ff6190fe000 	C:\Program Files\Eclipse Adoptium\jdk-17.0.13.11-hotspot\bin\java.exe
0x00007ffb329a0000 - 0x00007ffb32c05000 	C:\WINDOWS\SYSTEM32\ntdll.dll
0x00007ffb319d0000 - 0x00007ffb31a99000 	C:\WINDOWS\System32\KERNEL32.DLL
0x00007ffb2fc70000 - 0x00007ffb30058000 	C:\WINDOWS\System32\KERNELBASE.dll
0x00007ffb30350000 - 0x00007ffb3049b000 	C:\WINDOWS\System32\ucrtbase.dll
0x00007ffb23a20000 - 0x00007ffb23a37000 	C:\Program Files\Eclipse Adoptium\jdk-17.0.13.11-hotspot\bin\jli.dll
0x00007ffb19080000 - 0x00007ffb1909e000 	C:\Program Files\Eclipse Adoptium\jdk-17.0.13.11-hotspot\bin\VCRUNTIME140.dll
0x00007ffb326d0000 - 0x00007ffb3289a000 	C:\WINDOWS\System32\USER32.dll
0x00007ffb195b0000 - 0x00007ffb1984a000 	C:\WINDOWS\WinSxS\amd64_microsoft.windows.common-controls_6595b64144ccf1df_6.0.26100.4202_none_3e0698d4e335f517\COMCTL32.dll
0x00007ffb30320000 - 0x00007ffb30347000 	C:\WINDOWS\System32\win32u.dll
0x00007ffb32370000 - 0x00007ffb32419000 	C:\WINDOWS\System32\msvcrt.dll
0x00007ffb32340000 - 0x00007ffb3236b000 	C:\WINDOWS\System32\GDI32.dll
0x00007ffb301e0000 - 0x00007ffb30317000 	C:\WINDOWS\System32\gdi32full.dll
0x00007ffb30600000 - 0x00007ffb306a3000 	C:\WINDOWS\System32\msvcp_win.dll
0x00007ffb31230000 - 0x00007ffb31260000 	C:\WINDOWS\System32\IMM32.DLL
0x00007ffb2a630000 - 0x00007ffb2a63c000 	C:\Program Files\Eclipse Adoptium\jdk-17.0.13.11-hotspot\bin\vcruntime140_1.dll
0x00007ffb0bc00000 - 0x00007ffb0bc8d000 	C:\Program Files\Eclipse Adoptium\jdk-17.0.13.11-hotspot\bin\msvcp140.dll
0x00007ffadb830000 - 0x00007ffadc49b000 	C:\Program Files\Eclipse Adoptium\jdk-17.0.13.11-hotspot\bin\server\jvm.dll
0x00007ffb328a0000 - 0x00007ffb32953000 	C:\WINDOWS\System32\ADVAPI32.dll
0x00007ffb32600000 - 0x00007ffb326a6000 	C:\WINDOWS\System32\sechost.dll
0x00007ffb31270000 - 0x00007ffb31385000 	C:\WINDOWS\System32\RPCRT4.dll
0x00007ffb31820000 - 0x00007ffb31894000 	C:\WINDOWS\System32\WS2_32.dll
0x00007ffb2f940000 - 0x00007ffb2f99e000 	C:\WINDOWS\SYSTEM32\POWRPROF.dll
0x00007ffb28640000 - 0x00007ffb28675000 	C:\WINDOWS\SYSTEM32\WINMM.dll
0x00007ffb2d4d0000 - 0x00007ffb2d4db000 	C:\WINDOWS\SYSTEM32\VERSION.dll
0x00007ffb2f920000 - 0x00007ffb2f934000 	C:\WINDOWS\SYSTEM32\UMPDC.dll
0x00007ffb2e8b0000 - 0x00007ffb2e8cb000 	C:\WINDOWS\SYSTEM32\kernel.appcore.dll
0x00007ffb28bf0000 - 0x00007ffb28bfa000 	C:\Program Files\Eclipse Adoptium\jdk-17.0.13.11-hotspot\bin\jimage.dll
0x00007ffb22400000 - 0x00007ffb22641000 	C:\WINDOWS\SYSTEM32\DBGHELP.DLL
0x00007ffb31490000 - 0x00007ffb31815000 	C:\WINDOWS\System32\combase.dll
0x00007ffb32500000 - 0x00007ffb325e1000 	C:\WINDOWS\System32\OLEAUT32.dll
0x00007ffb13a70000 - 0x00007ffb13aa9000 	C:\WINDOWS\SYSTEM32\dbgcore.DLL
0x00007ffb30560000 - 0x00007ffb305f9000 	C:\WINDOWS\System32\bcryptPrimitives.dll
0x00007ffb28840000 - 0x00007ffb2884e000 	C:\Program Files\Eclipse Adoptium\jdk-17.0.13.11-hotspot\bin\instrument.dll
0x00007ffb170c0000 - 0x00007ffb170e5000 	C:\Program Files\Eclipse Adoptium\jdk-17.0.13.11-hotspot\bin\java.dll
0x00007ffb0ae60000 - 0x00007ffb0af37000 	C:\Program Files\Eclipse Adoptium\jdk-17.0.13.11-hotspot\bin\jsvml.dll
0x00007ffb30930000 - 0x00007ffb31072000 	C:\WINDOWS\System32\SHELL32.dll
0x00007ffb30060000 - 0x00007ffb301d4000 	C:\WINDOWS\System32\wintypes.dll
0x00007ffb2d740000 - 0x00007ffb2df98000 	C:\WINDOWS\SYSTEM32\windows.storage.dll
0x00007ffb31b70000 - 0x00007ffb31c61000 	C:\WINDOWS\System32\SHCORE.dll
0x00007ffb32420000 - 0x00007ffb3248a000 	C:\WINDOWS\System32\shlwapi.dll
0x00007ffb2fa00000 - 0x00007ffb2fa2f000 	C:\WINDOWS\SYSTEM32\profapi.dll
0x00007ffb18d70000 - 0x00007ffb18d88000 	C:\Program Files\Eclipse Adoptium\jdk-17.0.13.11-hotspot\bin\zip.dll
0x00007ffb170a0000 - 0x00007ffb170b9000 	C:\Program Files\Eclipse Adoptium\jdk-17.0.13.11-hotspot\bin\net.dll
0x00007ffb24fd0000 - 0x00007ffb250ee000 	C:\WINDOWS\SYSTEM32\WINHTTP.dll
0x00007ffb2ee20000 - 0x00007ffb2ee8a000 	C:\WINDOWS\system32\mswsock.dll
0x00007ffb16d70000 - 0x00007ffb16d86000 	C:\Program Files\Eclipse Adoptium\jdk-17.0.13.11-hotspot\bin\nio.dll
0x00007ffb19950000 - 0x00007ffb19960000 	C:\Program Files\Eclipse Adoptium\jdk-17.0.13.11-hotspot\bin\verify.dll
0x00007ffb2d420000 - 0x00007ffb2d447000 	C:\Users\HP\.gradle\native\1def1411415f61bf3af743bc5b6707747c0891f09f0c88961ee8f79bc544acac\windows-amd64\native-platform.dll
0x0000000063a90000 - 0x0000000063b03000 	C:\Users\HP\.gradle\native\0.2.5\x86_64-windows-gnu\gradle-fileevents.dll
0x00007ffb19170000 - 0x00007ffb1917a000 	C:\Program Files\Eclipse Adoptium\jdk-17.0.13.11-hotspot\bin\management.dll
0x00007ffb18cd0000 - 0x00007ffb18cdb000 	C:\Program Files\Eclipse Adoptium\jdk-17.0.13.11-hotspot\bin\management_ext.dll
0x00007ffb324f0000 - 0x00007ffb324f8000 	C:\WINDOWS\System32\PSAPI.DLL
0x00007ffb2f0d0000 - 0x00007ffb2f0eb000 	C:\WINDOWS\SYSTEM32\CRYPTSP.dll
0x00007ffb2e810000 - 0x00007ffb2e84a000 	C:\WINDOWS\system32\rsaenh.dll
0x00007ffb2eec0000 - 0x00007ffb2eeeb000 	C:\WINDOWS\SYSTEM32\USERENV.dll
0x00007ffb2f9d0000 - 0x00007ffb2f9f6000 	C:\WINDOWS\SYSTEM32\bcrypt.dll
0x00007ffb2f0f0000 - 0x00007ffb2f0fc000 	C:\WINDOWS\SYSTEM32\CRYPTBASE.dll
0x00007ffb2e2a0000 - 0x00007ffb2e2d3000 	C:\WINDOWS\SYSTEM32\IPHLPAPI.DLL
0x00007ffb325f0000 - 0x00007ffb325fa000 	C:\WINDOWS\System32\NSI.dll
0x00007ffb25270000 - 0x00007ffb2528f000 	C:\WINDOWS\SYSTEM32\dhcpcsvc6.DLL
0x00007ffb24f10000 - 0x00007ffb24f35000 	C:\WINDOWS\SYSTEM32\dhcpcsvc.DLL
0x00007ffb2e390000 - 0x00007ffb2e4b7000 	C:\WINDOWS\SYSTEM32\DNSAPI.dll
0x00007ffb18680000 - 0x00007ffb18689000 	C:\Program Files\Eclipse Adoptium\jdk-17.0.13.11-hotspot\bin\extnet.dll
0x00007ffb18490000 - 0x00007ffb1849e000 	C:\Program Files\Eclipse Adoptium\jdk-17.0.13.11-hotspot\bin\sunmscapi.dll
0x00007ffb2faf0000 - 0x00007ffb2fc67000 	C:\WINDOWS\System32\CRYPT32.dll
0x00007ffb2f2f0000 - 0x00007ffb2f320000 	C:\WINDOWS\SYSTEM32\ncrypt.dll
0x00007ffb2f2a0000 - 0x00007ffb2f2df000 	C:\WINDOWS\SYSTEM32\NTASN1.dll
0x00007ffaccde0000 - 0x00007ffaccde8000 	C:\WINDOWS\system32\wshunix.dll
0x0000000063a10000 - 0x0000000063a83000 	C:\Users\HP\AppData\Local\Temp\native-platform9031729114592745688dir\gradle-fileevents.dll
0x00007ffb114b0000 - 0x00007ffb114c8000 	C:\WINDOWS\system32\napinsp.dll
0x00007ffb113b0000 - 0x00007ffb113c2000 	C:\WINDOWS\System32\winrnr.dll
0x00007ffb109b0000 - 0x00007ffb109e0000 	C:\WINDOWS\system32\nlansp_c.dll
0x00007ffb24400000 - 0x00007ffb24420000 	C:\WINDOWS\system32\wshbth.dll
0x00007ffb231f0000 - 0x00007ffb231fb000 	C:\Windows\System32\rasadhlp.dll
0x00007ffb23990000 - 0x00007ffb23a16000 	C:\WINDOWS\System32\fwpuclnt.dll

dbghelp: loaded successfully - version: 4.0.5 - missing functions: none
symbol engine: initialized successfully - sym options: 0x614 - pdb path: .;C:\Program Files\Eclipse Adoptium\jdk-17.0.13.11-hotspot\bin;C:\WINDOWS\SYSTEM32;C:\WINDOWS\WinSxS\amd64_microsoft.windows.common-controls_6595b64144ccf1df_6.0.26100.4202_none_3e0698d4e335f517;C:\Program Files\Eclipse Adoptium\jdk-17.0.13.11-hotspot\bin\server;C:\Users\HP\.gradle\native\1def1411415f61bf3af743bc5b6707747c0891f09f0c88961ee8f79bc544acac\windows-amd64;C:\Users\HP\.gradle\native\0.2.5\x86_64-windows-gnu;C:\Users\HP\AppData\Local\Temp\native-platform9031729114592745688dir

VM Arguments:
jvm_args: --add-opens=java.base/java.lang=ALL-UNNAMED --add-opens=java.base/java.lang.invoke=ALL-UNNAMED --add-opens=java.base/java.util=ALL-UNNAMED --add-opens=java.prefs/java.util.prefs=ALL-UNNAMED --add-exports=jdk.compiler/com.sun.tools.javac.api=ALL-UNNAMED --add-exports=jdk.compiler/com.sun.tools.javac.util=ALL-UNNAMED --add-opens=java.base/java.util=ALL-UNNAMED --add-opens=java.prefs/java.util.prefs=ALL-UNNAMED --add-opens=java.base/java.nio.charset=ALL-UNNAMED --add-opens=java.base/java.net=ALL-UNNAMED --add-opens=java.base/java.util.concurrent.atomic=ALL-UNNAMED --add-opens=java.xml/javax.xml.namespace=ALL-UNNAMED -XX:MaxMetaspaceSize=512m -XX:ReservedCodeCacheSize=128m -XX:+HeapDumpOnOutOfMemoryError -Xmx2048M -Dfile.encoding=UTF-8 -Duser.country=IN -Duser.language=en -Duser.variant -javaagent:C:\Users\HP\.gradle\wrapper\dists\gradle-8.12-all\ejduaidbjup3bmmkhw3rie4zb\gradle-8.12\lib\agents\gradle-instrumentation-agent-8.12.jar 
java_command: org.gradle.launcher.daemon.bootstrap.GradleDaemon 8.12
java_class_path (initial): C:\Users\HP\.gradle\wrapper\dists\gradle-8.12-all\ejduaidbjup3bmmkhw3rie4zb\gradle-8.12\lib\gradle-daemon-main-8.12.jar
Launcher Type: SUN_STANDARD

[Global flags]
     intx CICompilerCount                          = 3                                         {product} {ergonomic}
   size_t CompressedClassSpaceSize                 = 436207616                                 {product} {ergonomic}
     uint ConcGCThreads                            = 1                                         {product} {ergonomic}
     uint G1ConcRefinementThreads                  = 4                                         {product} {ergonomic}
   size_t G1HeapRegionSize                         = 1048576                                   {product} {ergonomic}
    uintx GCDrainStackTargetSize                   = 64                                        {product} {ergonomic}
     bool HeapDumpOnOutOfMemoryError               = true                                   {manageable} {command line}
   size_t InitialHeapSize                          = 58720256                                  {product} {ergonomic}
   size_t MarkStackSize                            = 4194304                                   {product} {ergonomic}
   size_t MaxHeapSize                              = 2147483648                                {product} {command line}
   size_t MaxMetaspaceSize                         = 536870912                                 {product} {command line}
   size_t MaxNewSize                               = 1287651328                                {product} {ergonomic}
   size_t MinHeapDeltaBytes                        = 1048576                                   {product} {ergonomic}
   size_t MinHeapSize                              = 8388608                                   {product} {ergonomic}
    uintx NonProfiledCodeHeapSize                  = 0                                      {pd product} {ergonomic}
    uintx ProfiledCodeHeapSize                     = 0                                      {pd product} {ergonomic}
    uintx ReservedCodeCacheSize                    = 134217728                              {pd product} {command line}
   size_t SoftMaxHeapSize                          = 2147483648                             {manageable} {ergonomic}
     bool UseCompressedClassPointers               = true                           {product lp64_product} {ergonomic}
     bool UseCompressedOops                        = true                           {product lp64_product} {ergonomic}
     bool UseG1GC                                  = true                                      {product} {ergonomic}
     bool UseLargePagesIndividualAllocation        = false                                  {pd product} {ergonomic}

Logging:
Log output configuration:
 #0: stdout all=warning uptime,level,tags
 #1: stderr all=off uptime,level,tags

Environment Variables:
JAVA_HOME=C:\Program Files\Java\jdk-23\bin
PATH=C:\Program Files\Common Files\Oracle\Java\javapath;C:\Program Files\Eclipse Adoptium\jdk-17.0.13.11-hotspot\bin;C:\MinGW\bin;C:\WINDOWS;C:\WINDOWS\System32\Wbem;C:\WINDOWS\System32\WindowsPowerShell\v1.0\;C:\WINDOWS\System32\OpenSSH\;C:\Program Files\MySQL\MySQL Server 8.0\bin;C:\Program Files\Java\jdk-23\bin;C:\WINDOWS\system32;C:\Program Files\Git\cmd;C:\Program Files\Cloudflare\Cloudflare WARP\;C:\Users\HP\flutter_windows_3.32.5-stable\flutter\bin;C:\Users\HP\AppData\Local\Programs\Python\Python313\Scripts\;C:\Users\HP\AppData\Local\Programs\Python\Python313\;C:\Program Files\MySQL\MySQL Shell 8.0\bin\;C:\Users\HP\AppData\Local\Microsoft\WindowsApps;C:\Users\HP\AppData\Local\Programs\Microsoft VS Code\bin;C:\Program Files\Java\jdk-23\bin;C:\Users\HP\AppData\Local\GitHubDesktop\bin;C:\Program Files (x86)\Nmap;C:\Users\HP\AppData\Local\Programs\cursor\resources\app\bin;C:\Users\HP\flutter_windows_3.32.5-stable\flutter\bin;
USERNAME=Medhansh Shrivastav
OS=Windows_NT
PROCESSOR_IDENTIFIER=AMD64 Family 23 Model 24 Stepping 1, AuthenticAMD
TMP=C:\Users\HP\AppData\Local\Temp
TEMP=C:\Users\HP\AppData\Local\Temp



Periodic native trim disabled


---------------  S Y S T E M  ---------------

OS:
 Windows 11 , 64 bit Build 26100 (10.0.26100.4202)
OS uptime: 0 days 3:37 hours
Hyper-V role detected

CPU: total 4 (initial active 4) (4 cores per cpu, 2 threads per core) family 23 model 24 stepping 1 microcode 0x8108109, cx8, cmov, fxsr, ht, mmx, 3dnowpref, sse, sse2, sse3, ssse3, sse4a, sse4.1, sse4.2, popcnt, lzcnt, tsc, tscinvbit, avx, avx2, aes, clmul, bmi1, bmi2, adx, sha, fma, vzeroupper, clflush, clflushopt, hv
Processor Information for all 4 processors :
  Max Mhz: 2600, Current Mhz: 2600, Mhz Limit: 2600

Memory: 4k page, system-wide physical 3526M (253M free)
TotalPageFile size 14278M (AvailPageFile size 17M)
current process WorkingSet (physical memory assigned to process): 203M, peak: 273M
current process commit charge ("private bytes"): 406M, peak: 487M

vm_info: OpenJDK 64-Bit Server VM (17.0.13+11) for windows-amd64 JRE (17.0.13+11), built on Oct 16 2024 00:10:08 by "admin" with MS VC++ 17.7 (VS2022)

END.
